Mplus VERSION 8.11 (Mac)
MUTHEN & MUTHEN
02/04/2025   9:06 PM

INPUT INSTRUCTIONS

  TITLE: SEM model equivalent to R lavaan model with sampling/non-response weights;

    DATA: FILE = "/Users/jessicavandegrint/Library/CloudStorage/
    OneDrive-UniversityofCambridge/Brandon/nonverb_5_years_data.txt";

    VARIABLE:
      NAMES = CCPSTSCORE CCPCTSCORE DCMATHS7SA DCWRSD00 total_score weight PTTYPE2
      Child_PRS_regressed Mother_PRS_regressed Father_PRS_regressed;
      WEIGHT = weight;
      STRATIFICATION = PTTYPE2;
      MISSING ARE ALL (-9999);

    ANALYSIS:
      TYPE = COMPLEX;
      ESTIMATOR = ML;

    MODEL:
      ! Define latent variables
      nonverb5 BY CCPSTSCORE CCPCTSCORE;
      edu7 BY DCMATHS7SA DCWRSD00;

      ! Define structural paths with labels
      nonverb5 ON Child_PRS_regressed (a);
      nonverb5 ON Mother_PRS_regressed (f);
      nonverb5 ON Father_PRS_regressed (i);
      edu7 ON nonverb5 (d);
      edu7 ON Child_PRS_regressed (b);
      edu7 ON Mother_PRS_regressed (g);
      edu7 ON Father_PRS_regressed (j);
      total_score ON edu7 (e);
      total_score ON Child_PRS_regressed (c);
      total_score ON Mother_PRS_regressed (h);
      total_score ON Father_PRS_regressed (k);

      ! Regressions for PRS variables
      Child_PRS_regressed ON Mother_PRS_regressed Father_PRS_regressed;

      ! Covariance
      Mother_PRS_regressed WITH Father_PRS_regressed;

      MODEL INDIRECT:
      	total_score IND Child_PRS_regressed

    OUTPUT:
      STANDARDIZED (STDYX);
      SAMPSTAT;
      CINTERVAL(BOOTSTRAP);

    ANALYSIS:
      BOOTSTRAP = 5000;           ! Perform bootstrap with 5000 samples



*** WARNING in VARIABLE command
  Note that only the first 8 characters of variable names are used in the output.
  Shorten variable names to avoid any confusion.
   1 WARNING(S) FOUND IN THE INPUT INSTRUCTIONS



SEM model equivalent to R lavaan model with sampling/non-response weights;

SUMMARY OF ANALYSIS

Number of groups                                                 1
Number of observations                                        8014

Number of dependent variables                                    6
Number of independent variables                                  2
Number of continuous latent variables                            2

Observed dependent variables

  Continuous
   CCPSTSCORE  CCPCTSCORE  DCMATHS7SA  DCWRSD00    TOTAL_SCOR  CHILD_PRS_

Observed independent variables
   MOTHER_P    FATHER_P

Continuous latent variables
   NONVERB5    EDU7

Variables with special functions

  Stratification        PTTYPE2
  Weight variable       WEIGHT

Estimator                                                       ML
Information matrix                                        OBSERVED
Maximum number of iterations                                  1000
Convergence criterion                                    0.500D-04
Maximum number of steepest descent iterations                   20
Maximum number of iterations for H1                           2000
Convergence criterion for H1                             0.100D-03
Number of bootstrap draws
    Requested                                                 5000
    Completed                                                 5000

Input data file(s)
  /Users/jessicavandegrint/Library/CloudStorage/OneDrive-UniversityofCambridge/B

Input data format  FREE


SUMMARY OF DATA

     Number of missing data patterns            98
     Number of strata                            9



COVARIANCE COVERAGE OF DATA

Minimum covariance coverage value   0.100


     PROPORTION OF DATA PRESENT


           Covariance Coverage
              CCPSTSCO      CCPCTSCO      DCMATHS7      DCWRSD00      TOTAL_SC
              ________      ________      ________      ________      ________
 CCPSTSCO       0.957
 CCPCTSCO       0.955         0.956
 DCMATHS7       0.905         0.904         0.927
 DCWRSD00       0.893         0.892         0.912         0.915
 TOTAL_SC       0.649         0.648         0.636         0.626         0.669
 CHILD_PR       0.781         0.780         0.760         0.749         0.553
 MOTHER_P       0.799         0.798         0.775         0.764         0.557
 FATHER_P       0.479         0.479         0.469         0.462         0.355


           Covariance Coverage
              CHILD_PR      MOTHER_P      FATHER_P
              ________      ________      ________
 CHILD_PR       0.818
 MOTHER_P       0.677         0.833
 FATHER_P       0.402         0.397         0.493


SAMPLE STATISTICS


     ESTIMATED SAMPLE STATISTICS


           Means
              CCPSTSCO      CCPCTSCO      DCMATHS7      DCWRSD00      TOTAL_SC
              ________      ________      ________      ________      ________
               55.368        50.878        98.924       112.365        44.779


           Means
              CHILD_PR      MOTHER_P      FATHER_P
              ________      ________      ________
               -0.042        -0.031        -0.012


           Covariances
              CCPSTSCO      CCPCTSCO      DCMATHS7      DCWRSD00      TOTAL_SC
              ________      ________      ________      ________      ________
 CCPSTSCO     107.925
 CCPCTSCO      43.130       108.305
 DCMATHS7      54.882        68.940       235.597
 DCWRSD00      46.090        66.048       144.212       316.147
 TOTAL_SC      66.164        84.866       164.953       216.122       509.702
 CHILD_PR       0.681         1.080         2.174         2.827         5.128
 MOTHER_P       0.411         0.754         1.171         1.591         2.646
 FATHER_P       0.788         0.504         1.033         1.254         2.629


           Covariances
              CHILD_PR      MOTHER_P      FATHER_P
              ________      ________      ________
 CHILD_PR       0.888
 MOTHER_P       0.450         0.865
 FATHER_P       0.451         0.045         0.827


           Correlations
              CCPSTSCO      CCPCTSCO      DCMATHS7      DCWRSD00      TOTAL_SC
              ________      ________      ________      ________      ________
 CCPSTSCO       1.000
 CCPCTSCO       0.399         1.000
 DCMATHS7       0.344         0.432         1.000
 DCWRSD00       0.250         0.357         0.528         1.000
 TOTAL_SC       0.282         0.361         0.476         0.538         1.000
 CHILD_PR       0.070         0.110         0.150         0.169         0.241
 MOTHER_P       0.043         0.078         0.082         0.096         0.126
 FATHER_P       0.083         0.053         0.074         0.078         0.128


           Correlations
              CHILD_PR      MOTHER_P      FATHER_P
              ________      ________      ________
 CHILD_PR       1.000
 MOTHER_P       0.513         1.000
 FATHER_P       0.527         0.053         1.000


     MAXIMUM LOG-LIKELIHOOD VALUE FOR THE UNRESTRICTED (H1) MODEL IS -152790.043


UNIVARIATE SAMPLE STATISTICS


     UNIVARIATE HIGHER-ORDER MOMENT DESCRIPTIVE STATISTICS

         Variable/         Mean/     Skewness/   Minimum/ % with                Percentiles
        Sample Size      Variance    Kurtosis    Maximum  Min/Max      20%/60%    40%/80%    Median

     CCPSTSCORE           55.459      -0.048      20.000    0.91%      48.000     53.000     56.000
            7670.000     107.931       0.781      80.000    3.81%      58.000     64.000
     CCPCTSCORE           50.997      -0.638      20.000    3.08%      45.000     49.000     51.000
            7663.000     108.224       1.597      80.000    0.37%      54.000     59.000
     DCMATHS7SA           99.463       0.097      69.000    1.84%      86.000     96.000    100.000
            7431.000     231.339      -0.545     136.000    0.04%     103.000    112.000
     DCWRSD00            112.947      -0.233      55.000    0.03%      96.000    108.000    113.000
            7332.000     313.118      -0.297     145.000    4.11%     118.000    128.000
     TOTAL_SCORE          46.741       0.181       0.000    0.07%      26.500     40.500     46.500
            5358.000     490.755      -0.533     115.500    0.02%      52.500     66.750
     CHILD_PRS_REGRE      -0.044      -0.019      -4.571    0.02%      -0.813     -0.268     -0.034
            6554.000       0.886       0.310       3.296    0.02%       0.204      0.742
     MOTHER_PRS_REGR      -0.026      -0.004      -4.766    0.01%      -0.766     -0.222      0.015
            6676.000       0.859       0.029       3.282    0.01%       0.241      0.772
     FATHER_PRS_REGR       0.014      -0.034      -3.418    0.03%      -0.780     -0.187      0.020
            3947.000       0.832       0.095       3.349    0.03%       0.241      0.781


THE MODEL ESTIMATION TERMINATED NORMALLY



MODEL FIT INFORMATION

Number of Free Parameters                       34

Loglikelihood

          H0 Value                     -152862.120
          H1 Value                     -152790.043

Information Criteria

          Akaike (AIC)                  305792.239
          Bayesian (BIC)                306029.864
          Sample-Size Adjusted BIC      305921.818
            (n* = (n + 2) / 24)

Chi-Square Test of Model Fit

          Chi-square is not available.

SRMR (Standardized Root Mean Square Residual)

          Value                              0.016



MODEL RESULTS

                                                    Two-Tailed
                    Estimate       S.E.  Est./S.E.    P-Value

 NONVERB5 BY
    CCPSTSCORE         1.000      0.000    999.000    999.000
    CCPCTSCORE         1.312      0.053     24.921      0.000

 EDU7     BY
    DCMATHS7SA         1.000      0.000    999.000    999.000
    DCWRSD00           1.128      0.032     34.857      0.000

 EDU7     ON
    NONVERB5           1.443      0.070     20.714      0.000

 NONVERB5 ON
    CHILD_PRS_         0.603      0.212      2.843      0.004
    MOTHER_PRS         0.281      0.167      1.679      0.093
    FATHER_PRS         0.263      0.207      1.267      0.205

 EDU7     ON
    CHILD_PRS_         1.773      0.347      5.103      0.000
    MOTHER_PRS        -0.290      0.263     -1.105      0.269
    FATHER_PRS        -0.535      0.336     -1.589      0.112

 TOTAL_SC ON
    EDU7               1.329      0.046     28.733      0.000

 TOTAL_SC ON
    CHILD_PRS_         2.147      0.657      3.266      0.001
    MOTHER_PRS        -0.032      0.480     -0.067      0.947
    FATHER_PRS         0.282      0.599      0.470      0.638

 CHILD_PR ON
    MOTHER_PRS         0.493      0.016     30.497      0.000
    FATHER_PRS         0.520      0.015     35.815      0.000

 MOTHER_P WITH
    FATHER_PRS         0.044      0.018      2.473      0.013

 Means
    MOTHER_PRS        -0.031      0.015     -2.062      0.039
    FATHER_PRS        -0.013      0.018     -0.741      0.458

 Intercepts
    CCPSTSCORE        55.400      0.147    377.930      0.000
    CCPCTSCORE        50.921      0.150    340.175      0.000
    DCMATHS7SA        99.047      0.221    447.952      0.000
    DCWRSD00         112.485      0.255    440.677      0.000
    TOTAL_SCOR        45.074      0.387    116.608      0.000
    CHILD_PRS_        -0.019      0.013     -1.521      0.128

 Variances
    MOTHER_PRS         0.865      0.022     38.901      0.000
    FATHER_PRS         0.827      0.023     36.715      0.000

 Residual Variances
    CCPSTSCORE        75.067      1.844     40.708      0.000
    CCPCTSCORE        51.692      2.777     18.616      0.000
    DCMATHS7SA       106.295      3.668     28.976      0.000
    DCWRSD00         153.698      4.811     31.950      0.000
    TOTAL_SCOR       262.828      9.241     28.442      0.000
    CHILD_PRS_         0.431      0.013     34.214      0.000
    NONVERB5          32.147      2.145     14.988      0.000
    EDU7              55.321      3.636     15.214      0.000


STANDARDIZED MODEL RESULTS


STDYX Standardization

                                                    Two-Tailed
                    Estimate       S.E.  Est./S.E.    P-Value

 NONVERB5 BY
    CCPSTSCORE         0.552      0.015     37.739      0.000
    CCPCTSCORE         0.723      0.018     41.018      0.000

 EDU7     BY
    DCMATHS7SA         0.740      0.011     67.826      0.000
    DCWRSD00           0.718      0.011     62.708      0.000

 EDU7     ON
    NONVERB5           0.731      0.019     37.697      0.000

 NONVERB5 ON
    CHILD_PRS_         0.099      0.035      2.811      0.005
    MOTHER_PRS         0.046      0.027      1.688      0.091
    FATHER_PRS         0.042      0.033      1.273      0.203

 EDU7     ON
    CHILD_PRS_         0.147      0.029      5.094      0.000
    MOTHER_PRS        -0.024      0.022     -1.105      0.269
    FATHER_PRS        -0.043      0.027     -1.589      0.112

 TOTAL_SC ON
    EDU7               0.668      0.014     46.617      0.000

 TOTAL_SC ON
    CHILD_PRS_         0.090      0.028      3.256      0.001
    MOTHER_PRS        -0.001      0.020     -0.067      0.947
    FATHER_PRS         0.011      0.024      0.470      0.638

 CHILD_PR ON
    MOTHER_PRS         0.487      0.015     31.593      0.000
    FATHER_PRS         0.501      0.013     37.365      0.000

 MOTHER_P WITH
    FATHER_PRS         0.052      0.021      2.475      0.013

 Means
    MOTHER_PRS        -0.034      0.016     -2.073      0.038
    FATHER_PRS        -0.014      0.019     -0.743      0.458

 Intercepts
    CCPSTSCORE         5.332      0.066     80.621      0.000
    CCPCTSCORE         4.892      0.076     63.998      0.000
    DCMATHS7SA         6.465      0.058    111.082      0.000
    DCWRSD00           6.318      0.068     93.408      0.000
    TOTAL_SCOR         1.999      0.028     71.353      0.000
    CHILD_PRS_        -0.021      0.014     -1.522      0.128

 Variances
    MOTHER_PRS         1.000      0.000    999.000    999.000
    FATHER_PRS         1.000      0.000    999.000    999.000

 Residual Variances
    CCPSTSCORE         0.695      0.016     43.130      0.000
    CCPCTSCORE         0.477      0.026     18.703      0.000
    DCMATHS7SA         0.453      0.016     28.065      0.000
    DCWRSD00           0.485      0.016     29.542      0.000
    TOTAL_SCOR         0.517      0.018     28.434      0.000
    CHILD_PRS_         0.486      0.013     36.373      0.000
    NONVERB5           0.977      0.006    151.211      0.000
    EDU7               0.431      0.027     15.805      0.000


R-SQUARE

    Observed                                        Two-Tailed
    Variable        Estimate       S.E.  Est./S.E.    P-Value

    CCPSTSCO           0.305      0.016     18.901      0.000
    CCPCTSCO           0.523      0.026     20.497      0.000
    DCMATHS7           0.547      0.016     33.910      0.000
    DCWRSD00           0.515      0.016     31.391      0.000
    TOTAL_SC           0.483      0.018     26.542      0.000
    CHILD_PR           0.514      0.013     38.490      0.000

     Latent                                         Two-Tailed
    Variable        Estimate       S.E.  Est./S.E.    P-Value

    NONVERB5           0.023      0.006      3.526      0.000
    EDU7               0.569      0.027     20.890      0.000


TOTAL, TOTAL INDIRECT, SPECIFIC INDIRECT, AND DIRECT EFFECTS


                                                    Two-Tailed
                    Estimate       S.E.  Est./S.E.    P-Value

Effects from CHILD_PR to TOTAL_SC

  Total                5.658      0.724      7.819      0.000
  Total indirect       3.511      0.510      6.884      0.000

  Specific indirect 1
    TOTAL_SC
    EDU7
    CHILD_PR           2.356      0.470      5.010      0.000

  Specific indirect 2
    TOTAL_SC
    EDU7
    NONVERB5
    CHILD_PR           1.156      0.412      2.805      0.005

  Direct
    TOTAL_SC
    CHILD_PR           2.147      0.657      3.266      0.001



STANDARDIZED TOTAL, TOTAL INDIRECT, SPECIFIC INDIRECT, AND DIRECT EFFECTS


STDYX Standardization

                                                    Two-Tailed
                    Estimate       S.E.  Est./S.E.    P-Value

Effects from CHILD_PR to TOTAL_SC

  Total                0.237      0.030      7.774      0.000
  Total indirect       0.147      0.021      6.883      0.000

  Specific indirect 1
    TOTAL_SC
    EDU7
    CHILD_PR           0.098      0.020      5.026      0.000

  Specific indirect 2
    TOTAL_SC
    EDU7
    NONVERB5
    CHILD_PR           0.048      0.017      2.799      0.005

  Direct
    TOTAL_SC
    CHILD_PR           0.090      0.028      3.256      0.001




CONFIDENCE INTERVALS OF MODEL RESULTS

                  Lower .5%  Lower 2.5%    Lower 5%    Estimate    Upper 5%  Upper 2.5%   Upper .5%

 NONVERB5 BY
    CCPSTSCORE       1.000       1.000       1.000       1.000       1.000       1.000       1.000
    CCPCTSCORE       1.192       1.217       1.232       1.312       1.404       1.425       1.458

 EDU7     BY
    DCMATHS7SA       1.000       1.000       1.000       1.000       1.000       1.000       1.000
    DCWRSD00         1.044       1.065       1.074       1.128       1.181       1.192       1.216

 EDU7     ON
    NONVERB5         1.276       1.314       1.334       1.443       1.566       1.588       1.638

 NONVERB5 ON
    CHILD_PRS_       0.040       0.184       0.252       0.603       0.954       1.010       1.127
    MOTHER_PRS      -0.167      -0.036       0.011       0.281       0.563       0.622       0.718
    FATHER_PRS      -0.263      -0.143      -0.079       0.263       0.608       0.670       0.795

 EDU7     ON
    CHILD_PRS_       0.875       1.081       1.190       1.773       2.342       2.449       2.643
    MOTHER_PRS      -0.966      -0.801      -0.719      -0.290       0.145       0.234       0.381
    FATHER_PRS      -1.391      -1.178      -1.081      -0.535       0.029       0.140       0.347

 TOTAL_SC ON
    EDU7             1.214       1.240       1.254       1.329       1.405       1.421       1.450

 TOTAL_SC ON
    CHILD_PRS_       0.443       0.848       1.057       2.147       3.214       3.413       3.731
    MOTHER_PRS      -1.265      -0.971      -0.821      -0.032       0.766       0.912       1.172
    FATHER_PRS      -1.216      -0.908      -0.715       0.282       1.264       1.447       1.839

 CHILD_PR ON
    MOTHER_PRS       0.453       0.462       0.467       0.493       0.520       0.526       0.535
    FATHER_PRS       0.482       0.492       0.496       0.520       0.544       0.549       0.558

 MOTHER_P WITH
    FATHER_PRS      -0.003       0.009       0.014       0.044       0.074       0.079       0.091

 Means
    MOTHER_PRS      -0.071      -0.062      -0.056      -0.031      -0.007      -0.002       0.006
    FATHER_PRS      -0.058      -0.048      -0.042      -0.013       0.016       0.021       0.032

 Intercepts
    CCPSTSCORE      55.031      55.110      55.162      55.400      55.638      55.685      55.774
    CCPCTSCORE      50.533      50.625      50.675      50.921      51.163      51.212      51.300
    DCMATHS7SA      98.491      98.606      98.680      99.047      99.413      99.480      99.632
    DCWRSD00       111.837     111.978     112.064     112.485     112.903     112.988     113.160
    TOTAL_SCOR      44.110      44.328      44.448      45.074      45.715      45.840      46.068
    CHILD_PRS_      -0.052      -0.045      -0.041      -0.019       0.001       0.005       0.013

 Variances
    MOTHER_PRS       0.812       0.824       0.830       0.865       0.902       0.909       0.924
    FATHER_PRS       0.768       0.782       0.790       0.827       0.864       0.871       0.885

 Residual Variances
    CCPSTSCORE      70.201      71.474      72.077      75.067      78.104      78.690      79.744
    CCPCTSCORE      44.180      46.039      46.959      51.692      56.115      56.965      58.733
    DCMATHS7SA      97.084      99.080     100.152     106.295     112.296     113.210     115.648
    DCWRSD00       141.401     143.984     145.767     153.698     161.566     163.111     165.890
    TOTAL_SCOR     239.251     244.374     247.457     262.828     277.704     280.518     287.145
    CHILD_PRS_       0.398       0.406       0.410       0.431       0.452       0.456       0.465
    NONVERB5        26.911      27.970      28.597      32.147      35.678      36.487      37.764
    EDU7            45.910      47.899      49.045      55.321      61.129      62.110      64.184


CONFIDENCE INTERVALS OF STANDARDIZED MODEL RESULTS


STDYX Standardization

                  Lower .5%  Lower 2.5%    Lower 5%    Estimate    Upper 5%  Upper 2.5%   Upper .5%

 NONVERB5 BY
    CCPSTSCORE       0.513       0.522       0.527       0.552       0.576       0.580       0.589
    CCPCTSCORE       0.678       0.689       0.694       0.723       0.752       0.757       0.769

 EDU7     BY
    DCMATHS7SA       0.712       0.719       0.722       0.740       0.758       0.761       0.768
    DCWRSD00         0.686       0.694       0.698       0.718       0.736       0.739       0.747

 EDU7     ON
    NONVERB5         0.680       0.693       0.699       0.731       0.763       0.769       0.780

 NONVERB5 ON
    CHILD_PRS_       0.007       0.030       0.041       0.099       0.157       0.167       0.188
    MOTHER_PRS      -0.027      -0.006       0.002       0.046       0.091       0.100       0.115
    FATHER_PRS      -0.042      -0.023      -0.013       0.042       0.096       0.106       0.125

 EDU7     ON
    CHILD_PRS_       0.072       0.090       0.099       0.147       0.195       0.205       0.221
    MOTHER_PRS      -0.078      -0.065      -0.059      -0.024       0.012       0.019       0.031
    FATHER_PRS      -0.113      -0.094      -0.087      -0.043       0.002       0.011       0.028

 TOTAL_SC ON
    EDU7             0.630       0.640       0.645       0.668       0.692       0.697       0.705

 TOTAL_SC ON
    CHILD_PRS_       0.019       0.035       0.044       0.090       0.134       0.143       0.156
    MOTHER_PRS      -0.053      -0.040      -0.034      -0.001       0.031       0.038       0.049
    FATHER_PRS      -0.048      -0.037      -0.029       0.011       0.051       0.059       0.074

 CHILD_PR ON
    MOTHER_PRS       0.448       0.457       0.462       0.487       0.513       0.518       0.528
    FATHER_PRS       0.465       0.475       0.480       0.501       0.524       0.528       0.536

 MOTHER_P WITH
    FATHER_PRS      -0.004       0.010       0.017       0.052       0.087       0.094       0.107

 Means
    MOTHER_PRS      -0.076      -0.066      -0.060      -0.034      -0.007      -0.002       0.007
    FATHER_PRS      -0.063      -0.052      -0.046      -0.014       0.018       0.024       0.035

 Intercepts
    CCPSTSCORE       5.164       5.203       5.224       5.332       5.441       5.462       5.503
    CCPCTSCORE       4.700       4.745       4.767       4.892       5.020       5.044       5.095
    DCMATHS7SA       6.313       6.354       6.373       6.465       6.562       6.584       6.620
    DCWRSD00         6.143       6.191       6.209       6.318       6.434       6.456       6.491
    TOTAL_SCOR       1.930       1.946       1.955       1.999       2.047       2.054       2.072
    CHILD_PRS_      -0.055      -0.048      -0.044      -0.021       0.001       0.006       0.014

 Variances
    MOTHER_PRS       1.000       1.000       1.000       1.000       1.000       1.000       1.000
    FATHER_PRS       1.000       1.000       1.000       1.000       1.000       1.000       1.000

 Residual Variances
    CCPSTSCORE       0.653       0.664       0.669       0.695       0.722       0.727       0.737
    CCPCTSCORE       0.408       0.426       0.434       0.477       0.518       0.526       0.539
    DCMATHS7SA       0.411       0.421       0.426       0.453       0.479       0.483       0.493
    DCWRSD00         0.441       0.453       0.458       0.485       0.512       0.518       0.529
    TOTAL_SCOR       0.469       0.480       0.486       0.517       0.546       0.552       0.563
    CHILD_PRS_       0.451       0.460       0.464       0.486       0.508       0.512       0.519
    NONVERB5         0.958       0.962       0.965       0.977       0.985       0.987       0.990
    EDU7             0.357       0.375       0.384       0.431       0.474       0.482       0.498


CONFIDENCE INTERVALS OF TOTAL, TOTAL INDIRECT, SPECIFIC INDIRECT, AND DIRECT EFFECTS


                  Lower .5%  Lower 2.5%    Lower 5%    Estimate    Upper 5%  Upper 2.5%   Upper .5%

Effects from CHILD_PR to TOTAL_SC

  Total              3.774       4.235       4.449       5.658       6.852       7.059       7.430
  Total indirect     2.191       2.519       2.664       3.511       4.339       4.481       4.851

  Specific indirect 1
    TOTAL_SC
    EDU7
    CHILD_PR         1.138       1.419       1.570       2.356       3.134       3.293       3.542

  Specific indirect 2
    TOTAL_SC
    EDU7
    NONVERB5
    CHILD_PR         0.083       0.351       0.479       1.156       1.849       1.949       2.206

  Direct
    TOTAL_SC
    CHILD_PR         0.443       0.848       1.057       2.147       3.214       3.413       3.731



CONFIDENCE INTERVALS OF STANDARDIZED TOTAL, TOTAL INDIRECT, SPECIFIC INDIRECT, AND DIRECT EFFECTS


STDYX Standardization

                  Lower .5%  Lower 2.5%    Lower 5%    Estimate    Upper 5%  Upper 2.5%   Upper .5%

Effects from CHILD_PR to TOTAL_SC

  Total              0.157       0.177       0.185       0.237       0.286       0.295       0.312
  Total indirect     0.092       0.106       0.112       0.147       0.181       0.188       0.202

  Specific indirect 1
    TOTAL_SC
    EDU7
    CHILD_PR         0.048       0.059       0.066       0.098       0.131       0.138       0.148

  Specific indirect 2
    TOTAL_SC
    EDU7
    NONVERB5
    CHILD_PR         0.003       0.015       0.020       0.048       0.077       0.082       0.092

  Direct
    TOTAL_SC
    CHILD_PR         0.019       0.035       0.044       0.090       0.134       0.143       0.156




     Beginning Time:  21:06:34
        Ending Time:  21:07:47
       Elapsed Time:  00:01:13



MUTHEN & MUTHEN
3463 Stoner Ave.
Los Angeles, CA  90066

Tel: (310) 391-9971
Fax: (310) 391-8971
Web: www.StatModel.com
Support: Support@StatModel.com

Copyright (c) 1998-2024 Muthen & Muthen
