Mplus VERSION 8.11 (Mac)
MUTHEN & MUTHEN
05/28/2025  12:43 PM

INPUT INSTRUCTIONS

  TITLE: SEM model equivalent to R lavaan model with sampling/non-response weights;

    DATA: FILE = "/Users/jessicavandegrint/Library/CloudStorage/
    OneDrive-UniversityofCambridge/Brandon/lang_3_years_data.txt";

    VARIABLE:
      NAMES = BDBAST00 DCMATHS7SA DCWRSD00 total_score weight PTTYPE2
      Child_PRS_regressed Mother_PRS_regressed Father_PRS_regressed;
      WEIGHT = weight;
      STRATIFICATION = PTTYPE2;
      MISSING ARE ALL (-9999);

    ANALYSIS:
      TYPE = COMPLEX;
      ESTIMATOR = ML;

    MODEL:
      ! Define latent variables
      edu7 BY DCMATHS7SA DCWRSD00;

      ! Define structural paths with labels
      BDBAST00 ON Child_PRS_regressed (a);
      BDBAST00 ON Mother_PRS_regressed (f);
      BDBAST00 ON Father_PRS_regressed (i);
      edu7 ON BDBAST00 (d);
      edu7 ON Child_PRS_regressed (b);
      edu7 ON Mother_PRS_regressed (g);
      edu7 ON Father_PRS_regressed (j);
      total_score ON edu7 (e);
      total_score ON Child_PRS_regressed (c);
      total_score ON Mother_PRS_regressed (h);
      total_score ON Father_PRS_regressed (k);

    ! Control PRS interrelations
    Child_PRS_regressed ON Mother_PRS_regressed Father_PRS_regressed;
    Mother_PRS_regressed WITH Father_PRS_regressed;

     MODEL INDIRECT:
      edu7 IND Child_PRS_regressed

    OUTPUT:
      STANDARDIZED (STDYX);
      SAMPSTAT;
      CINTERVAL(BOOTSTRAP);

    ANALYSIS:
      BOOTSTRAP = 5000;           ! Perform bootstrap with 5000 samples



*** WARNING in VARIABLE command
  Note that only the first 8 characters of variable names are used in the output.
  Shorten variable names to avoid any confusion.
   1 WARNING(S) FOUND IN THE INPUT INSTRUCTIONS



SEM model equivalent to R lavaan model with sampling/non-response weights;

SUMMARY OF ANALYSIS

Number of groups                                                 1
Number of observations                                        8014

Number of dependent variables                                    5
Number of independent variables                                  2
Number of continuous latent variables                            1

Observed dependent variables

  Continuous
   BDBAST00    DCMATHS7SA  DCWRSD00    TOTAL_SCOR  CHILD_PRS_

Observed independent variables
   MOTHER_P    FATHER_P

Continuous latent variables
   EDU7

Variables with special functions

  Stratification        PTTYPE2
  Weight variable       WEIGHT

Estimator                                                       ML
Information matrix                                        OBSERVED
Maximum number of iterations                                  1000
Convergence criterion                                    0.500D-04
Maximum number of steepest descent iterations                   20
Maximum number of iterations for H1                           2000
Convergence criterion for H1                             0.100D-03
Number of bootstrap draws
    Requested                                                 5000
    Completed                                                 5000

Input data file(s)
  /Users/jessicavandegrint/Library/CloudStorage/OneDrive-UniversityofCambridge/B

Input data format  FREE


SUMMARY OF DATA

     Number of missing data patterns            83
     Number of strata                            9



COVARIANCE COVERAGE OF DATA

Minimum covariance coverage value   0.100


     PROPORTION OF DATA PRESENT


           Covariance Coverage
              BDBAST00      DCMATHS7      DCWRSD00      TOTAL_SC      CHILD_PR
              ________      ________      ________      ________      ________
 BDBAST00       0.899
 DCMATHS7       0.846         0.927
 DCWRSD00       0.834         0.912         0.915
 TOTAL_SC       0.613         0.636         0.626         0.669
 CHILD_PR       0.735         0.760         0.749         0.553         0.818
 MOTHER_P       0.751         0.775         0.764         0.557         0.677
 FATHER_P       0.454         0.469         0.462         0.355         0.402


           Covariance Coverage
              MOTHER_P      FATHER_P
              ________      ________
 MOTHER_P       0.833
 FATHER_P       0.397         0.493


SAMPLE STATISTICS


     ESTIMATED SAMPLE STATISTICS


           Means
              BDBAST00      DCMATHS7      DCWRSD00      TOTAL_SC      CHILD_PR
              ________      ________      ________      ________      ________
               51.110        99.102       112.462        45.002        -0.042


           Means
              MOTHER_P      FATHER_P
              ________      ________
               -0.031        -0.012


           Covariances
              BDBAST00      DCMATHS7      DCWRSD00      TOTAL_SC      CHILD_PR
              ________      ________      ________      ________      ________
 BDBAST00     108.858
 DCMATHS7      43.414       231.640
 DCWRSD00      63.365       140.721       313.381
 TOTAL_SC      76.258       160.957       211.965       503.900
 CHILD_PR       0.593         2.143         2.816         5.122         0.888
 MOTHER_P       0.144         1.140         1.567         2.647         0.450
 FATHER_P       0.208         0.935         1.204         2.590         0.450


           Covariances
              MOTHER_P      FATHER_P
              ________      ________
 MOTHER_P       0.865
 FATHER_P       0.043         0.826


           Correlations
              BDBAST00      DCMATHS7      DCWRSD00      TOTAL_SC      CHILD_PR
              ________      ________      ________      ________      ________
 BDBAST00       1.000
 DCMATHS7       0.273         1.000
 DCWRSD00       0.343         0.522         1.000
 TOTAL_SC       0.326         0.471         0.533         1.000
 CHILD_PR       0.060         0.149         0.169         0.242         1.000
 MOTHER_P       0.015         0.081         0.095         0.127         0.513
 FATHER_P       0.022         0.068         0.075         0.127         0.526


           Correlations
              MOTHER_P      FATHER_P
              ________      ________
 MOTHER_P       1.000
 FATHER_P       0.051         1.000


     MAXIMUM LOG-LIKELIHOOD VALUE FOR THE UNRESTRICTED (H1) MODEL IS -125579.178


UNIVARIATE SAMPLE STATISTICS


     UNIVARIATE HIGHER-ORDER MOMENT DESCRIPTIVE STATISTICS

         Variable/         Mean/     Skewness/   Minimum/ % with                Percentiles
        Sample Size      Variance    Kurtosis    Maximum  Min/Max      20%/60%    40%/80%    Median

     BDBAST00             51.256       0.186      20.000    0.35%      42.000     49.000     51.000
            7208.000     108.669       0.106      80.000    0.90%      56.000     59.000
     DCMATHS7SA           99.463       0.097      69.000    1.84%      86.000     96.000    100.000
            7431.000     231.339      -0.545     136.000    0.04%     103.000    112.000
     DCWRSD00            112.947      -0.233      55.000    0.03%      96.000    108.000    113.000
            7332.000     313.118      -0.297     145.000    4.11%     118.000    128.000
     TOTAL_SCORE          46.741       0.181       0.000    0.07%      26.500     40.500     46.500
            5358.000     490.755      -0.533     115.500    0.02%      52.500     66.750
     CHILD_PRS_REGRE      -0.044      -0.019      -4.571    0.02%      -0.813     -0.268     -0.034
            6554.000       0.886       0.310       3.296    0.02%       0.204      0.742
     MOTHER_PRS_REGR      -0.026      -0.004      -4.766    0.01%      -0.766     -0.222      0.015
            6676.000       0.859       0.029       3.282    0.01%       0.241      0.772
     FATHER_PRS_REGR       0.014      -0.034      -3.418    0.03%      -0.780     -0.187      0.020
            3947.000       0.832       0.095       3.349    0.03%       0.241      0.781


THE MODEL ESTIMATION TERMINATED NORMALLY



MODEL FIT INFORMATION

Number of Free Parameters                       30

Loglikelihood

          H0 Value                     -125585.636
          H1 Value                     -125579.178

Information Criteria

          Akaike (AIC)                  251231.272
          Bayesian (BIC)                251440.941
          Sample-Size Adjusted BIC      251345.606
            (n* = (n + 2) / 24)

Chi-Square Test of Model Fit

          Chi-square is not available.

SRMR (Standardized Root Mean Square Residual)

          Value                              0.005



MODEL RESULTS

                                                    Two-Tailed
                    Estimate       S.E.  Est./S.E.    P-Value

 EDU7     BY
    DCMATHS7SA         1.000      0.000    999.000    999.000
    DCWRSD00           1.344      0.037     36.025      0.000

 EDU7     ON
    BDBAST00           0.418      0.016     25.698      0.000
    CHILD_PRS_         2.067      0.312      6.633      0.000
    MOTHER_PRS         0.201      0.248      0.810      0.418
    FATHER_PRS        -0.143      0.315     -0.455      0.649

 TOTAL_SC ON
    EDU7               1.497      0.047     32.065      0.000

 BDBAST00 ON
    CHILD_PRS_         0.965      0.301      3.201      0.001
    MOTHER_PRS        -0.321      0.237     -1.352      0.176
    FATHER_PRS        -0.251      0.294     -0.855      0.393

 TOTAL_SC ON
    CHILD_PRS_         2.023      0.663      3.049      0.002
    MOTHER_PRS        -0.032      0.485     -0.066      0.947
    FATHER_PRS         0.380      0.612      0.621      0.534

 CHILD_PR ON
    MOTHER_PRS         0.494      0.016     30.534      0.000
    FATHER_PRS         0.520      0.015     35.801      0.000

 MOTHER_P WITH
    FATHER_PRS         0.043      0.018      2.404      0.016

 Means
    MOTHER_PRS        -0.031      0.015     -2.051      0.040
    FATHER_PRS        -0.012      0.018     -0.652      0.514

 Intercepts
    BDBAST00          51.147      0.149    342.479      0.000
    DCMATHS7SA        77.790      0.880     88.412      0.000
    DCWRSD00          83.823      1.191     70.363      0.000
    TOTAL_SCOR        13.208      1.454      9.083      0.000
    CHILD_PRS_        -0.020      0.013     -1.566      0.117

 Variances
    MOTHER_PRS         0.865      0.022     38.912      0.000
    FATHER_PRS         0.826      0.022     36.773      0.000

 Residual Variances
    BDBAST00         108.405      2.245     48.286      0.000
    DCMATHS7SA       127.783      3.691     34.620      0.000
    DCWRSD00         125.767      5.199     24.193      0.000
    TOTAL_SCOR       252.998      9.281     27.260      0.000
    CHILD_PRS_         0.432      0.013     34.233      0.000
    EDU7              79.817      3.540     22.548      0.000


STANDARDIZED MODEL RESULTS


STDYX Standardization

                                                    Two-Tailed
                    Estimate       S.E.  Est./S.E.    P-Value

 EDU7     BY
    DCMATHS7SA         0.670      0.012     58.094      0.000
    DCWRSD00           0.774      0.011     68.619      0.000

 EDU7     ON
    BDBAST00           0.428      0.014     30.693      0.000
    CHILD_PRS_         0.191      0.029      6.683      0.000
    MOTHER_PRS         0.018      0.023      0.810      0.418
    FATHER_PRS        -0.013      0.028     -0.455      0.649

 TOTAL_SC ON
    EDU7               0.680      0.014     48.361      0.000

 BDBAST00 ON
    CHILD_PRS_         0.087      0.027      3.186      0.001
    MOTHER_PRS        -0.029      0.021     -1.352      0.176
    FATHER_PRS        -0.022      0.026     -0.855      0.393

 TOTAL_SC ON
    CHILD_PRS_         0.085      0.028      3.041      0.002
    MOTHER_PRS        -0.001      0.020     -0.066      0.947
    FATHER_PRS         0.015      0.025      0.621      0.535

 CHILD_PR ON
    MOTHER_PRS         0.488      0.015     31.649      0.000
    FATHER_PRS         0.501      0.013     37.400      0.000

 MOTHER_P WITH
    FATHER_PRS         0.051      0.021      2.405      0.016

 Means
    MOTHER_PRS        -0.034      0.016     -2.062      0.039
    FATHER_PRS        -0.013      0.019     -0.653      0.514

 Intercepts
    BDBAST00           4.902      0.053     92.637      0.000
    DCMATHS7SA         5.111      0.084     60.918      0.000
    DCWRSD00           4.735      0.099     47.851      0.000
    TOTAL_SCOR         0.588      0.068      8.703      0.000
    CHILD_PRS_        -0.021      0.014     -1.567      0.117

 Variances
    MOTHER_PRS         1.000      0.000    999.000    999.000
    FATHER_PRS         1.000      0.000    999.000    999.000

 Residual Variances
    BDBAST00           0.996      0.003    385.960      0.000
    DCMATHS7SA         0.552      0.015     35.756      0.000
    DCWRSD00           0.401      0.017     22.999      0.000
    TOTAL_SCOR         0.502      0.018     27.962      0.000
    CHILD_PRS_         0.486      0.013     36.446      0.000
    EDU7               0.768      0.014     56.169      0.000


R-SQUARE

    Observed                                        Two-Tailed
    Variable        Estimate       S.E.  Est./S.E.    P-Value

    BDBAST00           0.004      0.003      1.702      0.089
    DCMATHS7           0.448      0.015     29.065      0.000
    DCWRSD00           0.599      0.017     34.318      0.000
    TOTAL_SC           0.498      0.018     27.718      0.000
    CHILD_PR           0.514      0.013     38.537      0.000

     Latent                                         Two-Tailed
    Variable        Estimate       S.E.  Est./S.E.    P-Value

    EDU7               0.232      0.014     16.928      0.000


TOTAL, TOTAL INDIRECT, SPECIFIC INDIRECT, AND DIRECT EFFECTS


                                                    Two-Tailed
                    Estimate       S.E.  Est./S.E.    P-Value

Effects from CHILD_PR to EDU7

  Total                2.471      0.341      7.249      0.000
  Total indirect       0.404      0.127      3.183      0.001

  Specific indirect 1
    EDU7
    BDBAST00
    CHILD_PR           0.404      0.127      3.183      0.001

  Direct
    EDU7
    CHILD_PR           2.067      0.312      6.633      0.000



STANDARDIZED TOTAL, TOTAL INDIRECT, SPECIFIC INDIRECT, AND DIRECT EFFECTS


STDYX Standardization

                                                    Two-Tailed
                    Estimate       S.E.  Est./S.E.    P-Value

Effects from CHILD_PR to EDU7

  Total                0.228      0.031      7.292      0.000
  Total indirect       0.037      0.012      3.175      0.001

  Specific indirect 1
    EDU7
    BDBAST00
    CHILD_PR           0.037      0.012      3.175      0.001

  Direct
    EDU7
    CHILD_PR           0.191      0.029      6.683      0.000




CONFIDENCE INTERVALS OF MODEL RESULTS

                  Lower .5%  Lower 2.5%    Lower 5%    Estimate    Upper 5%  Upper 2.5%   Upper .5%

 EDU7     BY
    DCMATHS7SA       1.000       1.000       1.000       1.000       1.000       1.000       1.000
    DCWRSD00         1.249       1.274       1.285       1.344       1.407       1.420       1.444

 EDU7     ON
    BDBAST00         0.376       0.387       0.392       0.418       0.445       0.449       0.458
    CHILD_PRS_       1.253       1.475       1.543       2.067       2.574       2.678       2.854
    MOTHER_PRS      -0.444      -0.273      -0.197       0.201       0.612       0.690       0.860
    FATHER_PRS      -0.945      -0.735      -0.649      -0.143       0.378       0.483       0.670

 TOTAL_SC ON
    EDU7             1.382       1.412       1.424       1.497       1.577       1.590       1.617

 BDBAST00 ON
    CHILD_PRS_       0.190       0.365       0.478       0.965       1.452       1.550       1.738
    MOTHER_PRS      -0.925      -0.783      -0.712      -0.321       0.082       0.157       0.305
    FATHER_PRS      -1.034      -0.831      -0.744      -0.251       0.225       0.315       0.503

 TOTAL_SC ON
    CHILD_PRS_       0.317       0.705       0.916       2.023       3.108       3.304       3.644
    MOTHER_PRS      -1.288      -0.979      -0.828      -0.032       0.778       0.916       1.186
    FATHER_PRS      -1.212      -0.837      -0.646       0.380       1.370       1.600       1.960

 CHILD_PR ON
    MOTHER_PRS       0.454       0.463       0.468       0.494       0.521       0.527       0.536
    FATHER_PRS       0.483       0.492       0.496       0.520       0.544       0.549       0.558

 MOTHER_P WITH
    FATHER_PRS      -0.005       0.007       0.013       0.043       0.072       0.078       0.090

 Means
    MOTHER_PRS      -0.071      -0.061      -0.056      -0.031      -0.006      -0.002       0.006
    FATHER_PRS      -0.057      -0.046      -0.041      -0.012       0.018       0.023       0.033

 Intercepts
    BDBAST00        50.752      50.860      50.909      51.147      51.392      51.440      51.532
    DCMATHS7SA      75.571      76.141      76.386      77.790      79.236      79.526      80.072
    DCWRSD00        80.779      81.484      81.862      83.823      85.805      86.206      86.885
    TOTAL_SCOR       9.440      10.421      10.790      13.208      15.595      16.074      17.077
    CHILD_PRS_      -0.053      -0.046      -0.042      -0.020       0.001       0.005       0.013

 Variances
    MOTHER_PRS       0.812       0.823       0.830       0.865       0.902       0.909       0.923
    FATHER_PRS       0.767       0.782       0.790       0.826       0.863       0.870       0.885

 Residual Variances
    BDBAST00       102.519     103.753     104.510     108.405     111.886     112.564     113.841
    DCMATHS7SA     118.221     120.648     121.683     127.783     133.945     135.186     137.469
    DCWRSD00       112.300     115.516     117.078     125.767     134.166     135.753     139.273
    TOTAL_SCOR     228.759     234.291     237.246     252.998     268.030     270.866     276.217
    CHILD_PRS_       0.399       0.406       0.410       0.432       0.452       0.456       0.465
    EDU7            70.760      72.811      73.846      79.817      85.548      86.711      88.934


CONFIDENCE INTERVALS OF STANDARDIZED MODEL RESULTS


STDYX Standardization

                  Lower .5%  Lower 2.5%    Lower 5%    Estimate    Upper 5%  Upper 2.5%   Upper .5%

 EDU7     BY
    DCMATHS7SA       0.640       0.646       0.650       0.670       0.688       0.692       0.698
    DCWRSD00         0.744       0.751       0.755       0.774       0.792       0.795       0.803

 EDU7     ON
    BDBAST00         0.391       0.401       0.405       0.428       0.451       0.455       0.462
    CHILD_PRS_       0.118       0.136       0.143       0.191       0.237       0.247       0.262
    MOTHER_PRS      -0.040      -0.025      -0.018       0.018       0.056       0.063       0.079
    FATHER_PRS      -0.084      -0.066      -0.058      -0.013       0.034       0.043       0.061

 TOTAL_SC ON
    EDU7             0.642       0.652       0.657       0.680       0.703       0.708       0.715

 BDBAST00 ON
    CHILD_PRS_       0.017       0.033       0.043       0.087       0.132       0.140       0.157
    MOTHER_PRS      -0.082      -0.070      -0.063      -0.029       0.007       0.014       0.027
    FATHER_PRS      -0.090      -0.073      -0.065      -0.022       0.020       0.027       0.044

 TOTAL_SC ON
    CHILD_PRS_       0.013       0.030       0.038       0.085       0.131       0.140       0.153
    MOTHER_PRS      -0.053      -0.041      -0.034      -0.001       0.032       0.038       0.049
    FATHER_PRS      -0.049      -0.034      -0.026       0.015       0.055       0.065       0.080

 CHILD_PR ON
    MOTHER_PRS       0.449       0.458       0.462       0.488       0.513       0.518       0.529
    FATHER_PRS       0.466       0.475       0.479       0.501       0.523       0.528       0.536

 MOTHER_P WITH
    FATHER_PRS      -0.005       0.009       0.016       0.051       0.086       0.092       0.106

 Means
    MOTHER_PRS      -0.076      -0.066      -0.060      -0.034      -0.007      -0.002       0.007
    FATHER_PRS      -0.063      -0.051      -0.045      -0.013       0.020       0.026       0.035

 Intercepts
    BDBAST00         4.773       4.803       4.818       4.902       4.993       5.011       5.042
    DCMATHS7SA       4.909       4.952       4.981       5.111       5.253       5.284       5.330
    DCWRSD00         4.494       4.545       4.576       4.735       4.901       4.935       4.994
    TOTAL_SCOR       0.416       0.458       0.477       0.588       0.702       0.720       0.768
    CHILD_PRS_      -0.056      -0.049      -0.044      -0.021       0.001       0.005       0.014

 Variances
    MOTHER_PRS       1.000       1.000       1.000       1.000       1.000       1.000       1.000
    FATHER_PRS       1.000       1.000       1.000       1.000       1.000       1.000       1.000

 Residual Variances
    BDBAST00         0.987       0.989       0.990       0.996       0.998       0.998       0.999
    DCMATHS7SA       0.512       0.521       0.526       0.552       0.577       0.583       0.590
    DCWRSD00         0.356       0.368       0.372       0.401       0.430       0.436       0.447
    TOTAL_SCOR       0.455       0.466       0.471       0.502       0.530       0.536       0.548
    CHILD_PRS_       0.451       0.460       0.464       0.486       0.508       0.512       0.519
    EDU7             0.731       0.740       0.745       0.768       0.789       0.794       0.802


CONFIDENCE INTERVALS OF TOTAL, TOTAL INDIRECT, SPECIFIC INDIRECT, AND DIRECT EFFECTS


                  Lower .5%  Lower 2.5%    Lower 5%    Estimate    Upper 5%  Upper 2.5%   Upper .5%

Effects from CHILD_PR to EDU7

  Total              1.587       1.805       1.919       2.471       3.025       3.129       3.362
  Total indirect     0.080       0.150       0.198       0.404       0.614       0.656       0.732

  Specific indirect 1
    EDU7
    BDBAST00
    CHILD_PR         0.080       0.150       0.198       0.404       0.614       0.656       0.732

  Direct
    EDU7
    CHILD_PR         1.253       1.475       1.543       2.067       2.574       2.678       2.854



CONFIDENCE INTERVALS OF STANDARDIZED TOTAL, TOTAL INDIRECT, SPECIFIC INDIRECT, AND DIRECT EFFECTS


STDYX Standardization

                  Lower .5%  Lower 2.5%    Lower 5%    Estimate    Upper 5%  Upper 2.5%   Upper .5%

Effects from CHILD_PR to EDU7

  Total              0.145       0.168       0.177       0.228       0.279       0.289       0.309
  Total indirect     0.007       0.014       0.018       0.037       0.057       0.060       0.068

  Specific indirect 1
    EDU7
    BDBAST00
    CHILD_PR         0.007       0.014       0.018       0.037       0.057       0.060       0.068

  Direct
    EDU7
    CHILD_PR         0.118       0.136       0.143       0.191       0.237       0.247       0.262




     Beginning Time:  12:43:58
        Ending Time:  12:44:57
       Elapsed Time:  00:00:59



MUTHEN & MUTHEN
3463 Stoner Ave.
Los Angeles, CA  90066

Tel: (310) 391-9971
Fax: (310) 391-8971
Web: www.StatModel.com
Support: Support@StatModel.com

Copyright (c) 1998-2024 Muthen & Muthen
