Mplus VERSION 8.11 (Mac)
MUTHEN & MUTHEN
05/28/2025  11:26 AM

INPUT INSTRUCTIONS

  TITLE: SEM model equivalent to R lavaan model with sampling/non-response weights;

    DATA: FILE = "/Users/jessicavandegrint/Library/CloudStorage/
    OneDrive-UniversityofCambridge/Brandon/lang_3_years_data.txt";

    VARIABLE:
      NAMES = BDBAST00 DCMATHS7SA DCWRSD00 total_score weight PTTYPE2
      Child_PRS_regressed Mother_PRS_regressed Father_PRS_regressed;
      WEIGHT = weight;
      STRATIFICATION = PTTYPE2;
      MISSING ARE ALL (-9999);

    ANALYSIS:
      TYPE = COMPLEX;
      ESTIMATOR = ML;

    MODEL:
      ! Define latent variables
      edu7 BY DCMATHS7SA DCWRSD00;

      ! Define structural paths with labels
      BDBAST00 ON Child_PRS_regressed (a);
      BDBAST00 ON Mother_PRS_regressed (f);
      BDBAST00 ON Father_PRS_regressed (i);
      edu7 ON BDBAST00 (d);
      edu7 ON Child_PRS_regressed (b);
      edu7 ON Mother_PRS_regressed (g);
      edu7 ON Father_PRS_regressed (j);
      total_score ON edu7 (e);
      total_score ON Child_PRS_regressed (c);
      total_score ON Mother_PRS_regressed (h);
      total_score ON Father_PRS_regressed (k);

    ! Control PRS interrelations
    Child_PRS_regressed ON Mother_PRS_regressed Father_PRS_regressed;
    Mother_PRS_regressed WITH Father_PRS_regressed;

  OUTPUT:
    STANDARDIZED (STDYX);
    SAMPSTAT;
    MODINDICES(ALL);



*** WARNING in ANALYSIS command
  Use ESTIMATOR=MLR instead of ESTIMATOR=ML for TYPE=COMPLEX.
  Default estimator will be used.
*** WARNING in VARIABLE command
  Note that only the first 8 characters of variable names are used in the output.
  Shorten variable names to avoid any confusion.
   2 WARNING(S) FOUND IN THE INPUT INSTRUCTIONS



SEM model equivalent to R lavaan model with sampling/non-response weights;

SUMMARY OF ANALYSIS

Number of groups                                                 1
Number of observations                                        8014

Number of dependent variables                                    5
Number of independent variables                                  2
Number of continuous latent variables                            1

Observed dependent variables

  Continuous
   BDBAST00    DCMATHS7SA  DCWRSD00    TOTAL_SCOR  CHILD_PRS_

Observed independent variables
   MOTHER_P    FATHER_P

Continuous latent variables
   EDU7

Variables with special functions

  Stratification        PTTYPE2
  Weight variable       WEIGHT

Estimator                                                      MLR
Information matrix                                        OBSERVED
Maximum number of iterations                                  1000
Convergence criterion                                    0.500D-04
Maximum number of steepest descent iterations                   20
Maximum number of iterations for H1                           2000
Convergence criterion for H1                             0.100D-03

Input data file(s)
  /Users/jessicavandegrint/Library/CloudStorage/OneDrive-UniversityofCambridge/B

Input data format  FREE


SUMMARY OF DATA

     Number of missing data patterns            83
     Number of strata                            9



COVARIANCE COVERAGE OF DATA

Minimum covariance coverage value   0.100


     PROPORTION OF DATA PRESENT


           Covariance Coverage
              BDBAST00      DCMATHS7      DCWRSD00      TOTAL_SC      CHILD_PR
              ________      ________      ________      ________      ________
 BDBAST00       0.899
 DCMATHS7       0.846         0.927
 DCWRSD00       0.834         0.912         0.915
 TOTAL_SC       0.613         0.636         0.626         0.669
 CHILD_PR       0.735         0.760         0.749         0.553         0.818
 MOTHER_P       0.751         0.775         0.764         0.557         0.677
 FATHER_P       0.454         0.469         0.462         0.355         0.402


           Covariance Coverage
              MOTHER_P      FATHER_P
              ________      ________
 MOTHER_P       0.833
 FATHER_P       0.397         0.493


SAMPLE STATISTICS


     ESTIMATED SAMPLE STATISTICS


           Means
              BDBAST00      DCMATHS7      DCWRSD00      TOTAL_SC      CHILD_PR
              ________      ________      ________      ________      ________
               51.110        99.102       112.462        45.002        -0.042


           Means
              MOTHER_P      FATHER_P
              ________      ________
               -0.031        -0.012


           Covariances
              BDBAST00      DCMATHS7      DCWRSD00      TOTAL_SC      CHILD_PR
              ________      ________      ________      ________      ________
 BDBAST00     108.858
 DCMATHS7      43.414       231.640
 DCWRSD00      63.365       140.721       313.381
 TOTAL_SC      76.258       160.957       211.965       503.900
 CHILD_PR       0.593         2.143         2.816         5.122         0.888
 MOTHER_P       0.144         1.140         1.567         2.647         0.450
 FATHER_P       0.208         0.935         1.204         2.590         0.450


           Covariances
              MOTHER_P      FATHER_P
              ________      ________
 MOTHER_P       0.865
 FATHER_P       0.043         0.826


           Correlations
              BDBAST00      DCMATHS7      DCWRSD00      TOTAL_SC      CHILD_PR
              ________      ________      ________      ________      ________
 BDBAST00       1.000
 DCMATHS7       0.273         1.000
 DCWRSD00       0.343         0.522         1.000
 TOTAL_SC       0.326         0.471         0.533         1.000
 CHILD_PR       0.060         0.149         0.169         0.242         1.000
 MOTHER_P       0.015         0.081         0.095         0.127         0.513
 FATHER_P       0.022         0.068         0.075         0.127         0.526


           Correlations
              MOTHER_P      FATHER_P
              ________      ________
 MOTHER_P       1.000
 FATHER_P       0.051         1.000


     MAXIMUM LOG-LIKELIHOOD VALUE FOR THE UNRESTRICTED (H1) MODEL IS -125579.178


UNIVARIATE SAMPLE STATISTICS


     UNIVARIATE HIGHER-ORDER MOMENT DESCRIPTIVE STATISTICS

         Variable/         Mean/     Skewness/   Minimum/ % with                Percentiles
        Sample Size      Variance    Kurtosis    Maximum  Min/Max      20%/60%    40%/80%    Median

     BDBAST00             51.256       0.186      20.000    0.35%      42.000     49.000     51.000
            7208.000     108.669       0.106      80.000    0.90%      56.000     59.000
     DCMATHS7SA           99.463       0.097      69.000    1.84%      86.000     96.000    100.000
            7431.000     231.339      -0.545     136.000    0.04%     103.000    112.000
     DCWRSD00            112.947      -0.233      55.000    0.03%      96.000    108.000    113.000
            7332.000     313.118      -0.297     145.000    4.11%     118.000    128.000
     TOTAL_SCORE          46.741       0.181       0.000    0.07%      26.500     40.500     46.500
            5358.000     490.755      -0.533     115.500    0.02%      52.500     66.750
     CHILD_PRS_REGRE      -0.044      -0.019      -4.571    0.02%      -0.813     -0.268     -0.034
            6554.000       0.886       0.310       3.296    0.02%       0.204      0.742
     MOTHER_PRS_REGR      -0.026      -0.004      -4.766    0.01%      -0.766     -0.222      0.015
            6676.000       0.859       0.029       3.282    0.01%       0.241      0.772
     FATHER_PRS_REGR       0.014      -0.034      -3.418    0.03%      -0.780     -0.187      0.020
            3947.000       0.832       0.095       3.349    0.03%       0.241      0.781


THE MODEL ESTIMATION TERMINATED NORMALLY



MODEL FIT INFORMATION

Number of Free Parameters                       30

Loglikelihood

          H0 Value                     -125585.636
          H0 Scaling Correction Factor      1.5006
            for MLR
          H1 Value                     -125579.178
          H1 Scaling Correction Factor      1.4710
            for MLR

Information Criteria

          Akaike (AIC)                  251231.272
          Bayesian (BIC)                251440.941
          Sample-Size Adjusted BIC      251345.606
            (n* = (n + 2) / 24)

Chi-Square Test of Model Fit

          Value                              9.983*
          Degrees of Freedom                     5
          P-Value                           0.0757
          Scaling Correction Factor         1.2938
            for MLR

*   The chi-square value for MLM, MLMV, MLR, ULSMV, WLSM and WLSMV cannot be used
    for chi-square difference testing in the regular way.  MLM, MLR and WLSM
    chi-square difference testing is described on the Mplus website.  MLMV, WLSMV,
    and ULSMV difference testing is done using the DIFFTEST option.

RMSEA (Root Mean Square Error Of Approximation)

          Estimate                           0.011
          90 Percent C.I.                    0.000  0.021
          Probability RMSEA <= .05           1.000

CFI/TLI

          CFI                                0.999
          TLI                                0.996

Chi-Square Test of Model Fit for the Baseline Model

          Value                           5674.934
          Degrees of Freedom                    20
          P-Value                           0.0000

SRMR (Standardized Root Mean Square Residual)

          Value                              0.005



MODEL RESULTS

                                                    Two-Tailed
                    Estimate       S.E.  Est./S.E.    P-Value

 EDU7     BY
    DCMATHS7SA         1.000      0.000    999.000    999.000
    DCWRSD00           1.344      0.036     36.826      0.000

 EDU7     ON
    BDBAST00           0.418      0.016     25.518      0.000
    CHILD_PRS_         2.067      0.313      6.597      0.000
    MOTHER_PRS         0.201      0.251      0.799      0.424
    FATHER_PRS        -0.143      0.317     -0.451      0.652

 TOTAL_SC ON
    EDU7               1.497      0.046     32.204      0.000

 BDBAST00 ON
    CHILD_PRS_         0.965      0.300      3.215      0.001
    MOTHER_PRS        -0.321      0.239     -1.341      0.180
    FATHER_PRS        -0.251      0.293     -0.856      0.392

 TOTAL_SC ON
    CHILD_PRS_         2.023      0.656      3.083      0.002
    MOTHER_PRS        -0.032      0.485     -0.066      0.947
    FATHER_PRS         0.380      0.615      0.619      0.536

 CHILD_PR ON
    MOTHER_PRS         0.494      0.016     30.069      0.000
    FATHER_PRS         0.520      0.015     35.529      0.000

 MOTHER_P WITH
    FATHER_PRS         0.043      0.018      2.392      0.017

 Means
    MOTHER_PRS        -0.031      0.015     -2.055      0.040
    FATHER_PRS        -0.012      0.018     -0.658      0.510

 Intercepts
    BDBAST00          51.147      0.151    339.177      0.000
    DCMATHS7SA        77.790      0.889     87.471      0.000
    DCWRSD00          83.823      1.198     69.971      0.000
    TOTAL_SCOR        13.208      1.477      8.942      0.000
    CHILD_PRS_        -0.020      0.013     -1.566      0.117

 Variances
    MOTHER_PRS         0.865      0.022     38.991      0.000
    FATHER_PRS         0.826      0.022     36.849      0.000

 Residual Variances
    BDBAST00         108.405      2.266     47.830      0.000
    DCMATHS7SA       127.783      3.685     34.678      0.000
    DCWRSD00         125.767      5.128     24.524      0.000
    TOTAL_SCOR       252.998      9.212     27.465      0.000
    CHILD_PRS_         0.432      0.013     34.337      0.000
    EDU7              79.817      3.584     22.272      0.000


QUALITY OF NUMERICAL RESULTS

     Condition Number for the Information Matrix              0.872E-05
       (ratio of smallest to largest eigenvalue)


STANDARDIZED MODEL RESULTS


STDYX Standardization

                                                    Two-Tailed
                    Estimate       S.E.  Est./S.E.    P-Value

 EDU7     BY
    DCMATHS7SA         0.670      0.012     58.145      0.000
    DCWRSD00           0.774      0.011     69.660      0.000

 EDU7     ON
    BDBAST00           0.428      0.014     30.115      0.000
    CHILD_PRS_         0.191      0.029      6.668      0.000
    MOTHER_PRS         0.018      0.023      0.799      0.424
    FATHER_PRS        -0.013      0.028     -0.452      0.652

 TOTAL_SC ON
    EDU7               0.680      0.014     48.920      0.000

 BDBAST00 ON
    CHILD_PRS_         0.087      0.027      3.203      0.001
    MOTHER_PRS        -0.029      0.021     -1.341      0.180
    FATHER_PRS        -0.022      0.026     -0.856      0.392

 TOTAL_SC ON
    CHILD_PRS_         0.085      0.028      3.073      0.002
    MOTHER_PRS        -0.001      0.020     -0.066      0.947
    FATHER_PRS         0.015      0.025      0.618      0.536

 CHILD_PR ON
    MOTHER_PRS         0.488      0.016     31.406      0.000
    FATHER_PRS         0.501      0.013     37.276      0.000

 MOTHER_P WITH
    FATHER_PRS         0.051      0.021      2.387      0.017

 Means
    MOTHER_PRS        -0.034      0.016     -2.066      0.039
    FATHER_PRS        -0.013      0.019     -0.659      0.510

 Intercepts
    BDBAST00           4.902      0.053     92.062      0.000
    DCMATHS7SA         5.111      0.084     60.517      0.000
    DCWRSD00           4.735      0.099     47.913      0.000
    TOTAL_SCOR         0.588      0.069      8.584      0.000
    CHILD_PRS_        -0.021      0.014     -1.567      0.117

 Variances
    MOTHER_PRS         1.000      0.000    999.000    999.000
    FATHER_PRS         1.000      0.000    999.000    999.000

 Residual Variances
    BDBAST00           0.996      0.002    442.522      0.000
    DCMATHS7SA         0.552      0.015     35.765      0.000
    DCWRSD00           0.401      0.017     23.342      0.000
    TOTAL_SCOR         0.502      0.018     28.138      0.000
    CHILD_PRS_         0.486      0.013     36.501      0.000
    EDU7               0.768      0.014     56.536      0.000


R-SQUARE

    Observed                                        Two-Tailed
    Variable        Estimate       S.E.  Est./S.E.    P-Value

    BDBAST00           0.004      0.002      1.952      0.051
    DCMATHS7           0.448      0.015     29.073      0.000
    DCWRSD00           0.599      0.017     34.830      0.000
    TOTAL_SC           0.498      0.018     27.893      0.000
    CHILD_PR           0.514      0.013     38.595      0.000

     Latent                                         Two-Tailed
    Variable        Estimate       S.E.  Est./S.E.    P-Value

    EDU7               0.232      0.014     17.038      0.000


MODEL MODIFICATION INDICES

Minimum M.I. value for printing the modification index    10.000

                                   M.I.     E.P.C.  Std E.P.C.  StdYX E.P.C.

ON/BY Statements

CHILD_PR ON EDU7     /
EDU7     BY CHILD_PR             999.000     0.000      0.000        0.000

ON Statements

CHILD_PR ON BDBAST00             999.000     0.000      0.000        0.000
CHILD_PR ON TOTAL_SC             999.000     0.000      0.000        0.000


     Beginning Time:  11:26:48
        Ending Time:  11:26:50
       Elapsed Time:  00:00:02



MUTHEN & MUTHEN
3463 Stoner Ave.
Los Angeles, CA  90066

Tel: (310) 391-9971
Fax: (310) 391-8971
Web: www.StatModel.com
Support: Support@StatModel.com

Copyright (c) 1998-2024 Muthen & Muthen
