Mplus VERSION 8.11 (Mac)
MUTHEN & MUTHEN
02/04/2025   8:53 PM

INPUT INSTRUCTIONS

  TITLE: SEM model equivalent to R lavaan model with sampling/non-response weights;

    DATA: FILE = "/Users/jessicavandegrint/Library/CloudStorage/
    OneDrive-UniversityofCambridge/Brandon/lang_5_years_data.txt";

    VARIABLE:
      NAMES = CCNVTSCORE DCMATHS7SA DCWRSD00 total_score weight PTTYPE2
      Child_PRS_regressed Mother_PRS_regressed Father_PRS_regressed;
      WEIGHT = weight;
      STRATIFICATION = PTTYPE2;
      MISSING ARE ALL (-9999);

    ANALYSIS:
      TYPE = COMPLEX;
      ESTIMATOR = ML;

    MODEL:
      ! Define latent variables
      edu7 BY DCMATHS7SA DCWRSD00;

      ! Define structural paths with labels
      CCNVTSCORE ON Child_PRS_regressed (a);
      CCNVTSCORE ON Mother_PRS_regressed (f);
      CCNVTSCORE ON Father_PRS_regressed (i);
      edu7 ON CCNVTSCORE (d);
      edu7 ON Child_PRS_regressed (b);
      edu7 ON Mother_PRS_regressed (g);
      edu7 ON Father_PRS_regressed (j);
      total_score ON edu7 (e);
      total_score ON Child_PRS_regressed (c);
      total_score ON Mother_PRS_regressed (h);
      total_score ON Father_PRS_regressed (k);

      ! Regressions for PRS variables
      Child_PRS_regressed ON Mother_PRS_regressed Father_PRS_regressed;

      ! Covariance
      Mother_PRS_regressed WITH Father_PRS_regressed;

      MODEL INDIRECT:
      	total_score IND Child_PRS_regressed

    OUTPUT:
      STANDARDIZED (STDYX);
      SAMPSTAT;
      CINTERVAL(BOOTSTRAP);

    ANALYSIS:
      BOOTSTRAP = 5000;           ! Perform bootstrap with 5000 samples



*** WARNING in VARIABLE command
  Note that only the first 8 characters of variable names are used in the output.
  Shorten variable names to avoid any confusion.
   1 WARNING(S) FOUND IN THE INPUT INSTRUCTIONS



SEM model equivalent to R lavaan model with sampling/non-response weights;

SUMMARY OF ANALYSIS

Number of groups                                                 1
Number of observations                                        8014

Number of dependent variables                                    5
Number of independent variables                                  2
Number of continuous latent variables                            1

Observed dependent variables

  Continuous
   CCNVTSCORE  DCMATHS7SA  DCWRSD00    TOTAL_SCOR  CHILD_PRS_

Observed independent variables
   MOTHER_P    FATHER_P

Continuous latent variables
   EDU7

Variables with special functions

  Stratification        PTTYPE2
  Weight variable       WEIGHT

Estimator                                                       ML
Information matrix                                        OBSERVED
Maximum number of iterations                                  1000
Convergence criterion                                    0.500D-04
Maximum number of steepest descent iterations                   20
Maximum number of iterations for H1                           2000
Convergence criterion for H1                             0.100D-03
Number of bootstrap draws
    Requested                                                 5000
    Completed                                                 5000

Input data file(s)
  /Users/jessicavandegrint/Library/CloudStorage/OneDrive-UniversityofCambridge/B

Input data format  FREE


SUMMARY OF DATA

     Number of missing data patterns            81
     Number of strata                            9



COVARIANCE COVERAGE OF DATA

Minimum covariance coverage value   0.100


     PROPORTION OF DATA PRESENT


           Covariance Coverage
              CCNVTSCO      DCMATHS7      DCWRSD00      TOTAL_SC      CHILD_PR
              ________      ________      ________      ________      ________
 CCNVTSCO       0.959
 DCMATHS7       0.907         0.927
 DCWRSD00       0.894         0.912         0.915
 TOTAL_SC       0.650         0.636         0.626         0.669
 CHILD_PR       0.782         0.760         0.749         0.553         0.818
 MOTHER_P       0.800         0.775         0.764         0.557         0.677
 FATHER_P       0.480         0.469         0.462         0.355         0.402


           Covariance Coverage
              MOTHER_P      FATHER_P
              ________      ________
 MOTHER_P       0.833
 FATHER_P       0.397         0.493


SAMPLE STATISTICS


     ESTIMATED SAMPLE STATISTICS


           Means
              CCNVTSCO      DCMATHS7      DCWRSD00      TOTAL_SC      CHILD_PR
              ________      ________      ________      ________      ________
               55.775        99.016       112.370        44.813        -0.041


           Means
              MOTHER_P      FATHER_P
              ________      ________
               -0.032        -0.015


           Covariances
              CCNVTSCO      DCMATHS7      DCWRSD00      TOTAL_SC      CHILD_PR
              ________      ________      ________      ________      ________
 CCNVTSCO     114.143
 DCMATHS7      61.664       233.550
 DCWRSD00      77.656       143.114       316.315
 TOTAL_SC      91.885       163.772       215.651       508.207
 CHILD_PR       0.785         2.116         2.773         5.104         0.888
 MOTHER_P       0.652         1.164         1.594         2.673         0.450
 FATHER_P       0.627         0.934         1.208         2.603         0.450


           Covariances
              MOTHER_P      FATHER_P
              ________      ________
 MOTHER_P       0.865
 FATHER_P       0.044         0.826


           Correlations
              CCNVTSCO      DCMATHS7      DCWRSD00      TOTAL_SC      CHILD_PR
              ________      ________      ________      ________      ________
 CCNVTSCO       1.000
 DCMATHS7       0.378         1.000
 DCWRSD00       0.409         0.527         1.000
 TOTAL_SC       0.382         0.475         0.538         1.000
 CHILD_PR       0.078         0.147         0.165         0.240         1.000
 MOTHER_P       0.066         0.082         0.096         0.128         0.513
 FATHER_P       0.065         0.067         0.075         0.127         0.526


           Correlations
              MOTHER_P      FATHER_P
              ________      ________
 MOTHER_P       1.000
 FATHER_P       0.053         1.000


     MAXIMUM LOG-LIKELIHOOD VALUE FOR THE UNRESTRICTED (H1) MODEL IS -126799.082


UNIVARIATE SAMPLE STATISTICS


     UNIVARIATE HIGHER-ORDER MOMENT DESCRIPTIVE STATISTICS

         Variable/         Mean/     Skewness/   Minimum/ % with                Percentiles
        Sample Size      Variance    Kurtosis    Maximum  Min/Max      20%/60%    40%/80%    Median

     CCNVTSCORE           55.915      -0.397      20.000    1.04%      48.000     53.000     57.000
            7683.000     114.004       0.629      80.000    2.03%      60.000     65.000
     DCMATHS7SA           99.463       0.097      69.000    1.84%      86.000     96.000    100.000
            7431.000     231.339      -0.545     136.000    0.04%     103.000    112.000
     DCWRSD00            112.947      -0.233      55.000    0.03%      96.000    108.000    113.000
            7332.000     313.118      -0.297     145.000    4.11%     118.000    128.000
     TOTAL_SCORE          46.741       0.181       0.000    0.07%      26.500     40.500     46.500
            5358.000     490.755      -0.533     115.500    0.02%      52.500     66.750
     CHILD_PRS_REGRE      -0.044      -0.019      -4.571    0.02%      -0.813     -0.268     -0.034
            6554.000       0.886       0.310       3.296    0.02%       0.204      0.742
     MOTHER_PRS_REGR      -0.026      -0.004      -4.766    0.01%      -0.766     -0.222      0.015
            6676.000       0.859       0.029       3.282    0.01%       0.241      0.772
     FATHER_PRS_REGR       0.014      -0.034      -3.418    0.03%      -0.780     -0.187      0.020
            3947.000       0.832       0.095       3.349    0.03%       0.241      0.781


THE MODEL ESTIMATION TERMINATED NORMALLY



MODEL FIT INFORMATION

Number of Free Parameters                       30

Loglikelihood

          H0 Value                     -126800.226
          H1 Value                     -126799.082

Information Criteria

          Akaike (AIC)                  253660.453
          Bayesian (BIC)                253870.121
          Sample-Size Adjusted BIC      253774.787
            (n* = (n + 2) / 24)

Chi-Square Test of Model Fit

          Chi-square is not available.

SRMR (Standardized Root Mean Square Residual)

          Value                              0.002



MODEL RESULTS

                                                    Two-Tailed
                    Estimate       S.E.  Est./S.E.    P-Value

 EDU7     BY
    DCMATHS7SA         1.000      0.000    999.000    999.000
    DCWRSD00           1.293      0.034     38.393      0.000

 EDU7     ON
    CCNVTSCORE         0.522      0.018     29.223      0.000
    CHILD_PRS_         2.274      0.305      7.463      0.000
    MOTHER_PRS        -0.156      0.245     -0.638      0.523
    FATHER_PRS        -0.500      0.311     -1.608      0.108

 TOTAL_SC ON
    EDU7               1.459      0.045     32.493      0.000

 CCNVTSCO ON
    CHILD_PRS_         0.321      0.306      1.048      0.295
    MOTHER_PRS         0.558      0.237      2.355      0.019
    FATHER_PRS         0.556      0.301      1.845      0.065

 TOTAL_SC ON
    CHILD_PRS_         2.056      0.657      3.132      0.002
    MOTHER_PRS        -0.034      0.481     -0.071      0.943
    FATHER_PRS         0.384      0.605      0.636      0.525

 CHILD_PR ON
    MOTHER_PRS         0.494      0.016     30.375      0.000
    FATHER_PRS         0.519      0.015     35.720      0.000

 MOTHER_P WITH
    FATHER_PRS         0.044      0.018      2.461      0.014

 Means
    MOTHER_PRS        -0.031      0.015     -2.071      0.038
    FATHER_PRS        -0.015      0.018     -0.831      0.406

 Intercepts
    CCNVTSCORE        55.815      0.153    364.971      0.000
    DCMATHS7SA        70.003      1.039     67.373      0.000
    DCWRSD00          74.854      1.292     57.941      0.000
    TOTAL_SCOR         2.578      1.647      1.565      0.117
    CHILD_PRS_        -0.018      0.013     -1.408      0.159

 Variances
    MOTHER_PRS         0.865      0.022     38.917      0.000
    FATHER_PRS         0.826      0.022     36.765      0.000

 Residual Variances
    CCNVTSCORE       113.189      2.646     42.784      0.000
    DCMATHS7SA       123.077      3.607     34.123      0.000
    DCWRSD00         131.794      4.669     28.225      0.000
    TOTAL_SCOR       254.458      8.877     28.665      0.000
    CHILD_PRS_         0.432      0.013     34.253      0.000
    EDU7              74.449      3.162     23.545      0.000


STANDARDIZED MODEL RESULTS


STDYX Standardization

                                                    Two-Tailed
                    Estimate       S.E.  Est./S.E.    P-Value

 EDU7     BY
    DCMATHS7SA         0.688      0.011     62.197      0.000
    DCWRSD00           0.764      0.010     73.959      0.000

 EDU7     ON
    CCNVTSCORE         0.530      0.014     39.019      0.000
    CHILD_PRS_         0.204      0.027      7.504      0.000
    MOTHER_PRS        -0.014      0.022     -0.638      0.524
    FATHER_PRS        -0.043      0.027     -1.609      0.108

 TOTAL_SC ON
    EDU7               0.680      0.013     50.968      0.000

 CCNVTSCO ON
    CHILD_PRS_         0.028      0.027      1.046      0.296
    MOTHER_PRS         0.049      0.021      2.358      0.018
    FATHER_PRS         0.047      0.026      1.845      0.065

 TOTAL_SC ON
    CHILD_PRS_         0.086      0.028      3.122      0.002
    MOTHER_PRS        -0.001      0.020     -0.071      0.943
    FATHER_PRS         0.016      0.024      0.635      0.525

 CHILD_PR ON
    MOTHER_PRS         0.487      0.015     31.502      0.000
    FATHER_PRS         0.501      0.013     37.247      0.000

 MOTHER_P WITH
    FATHER_PRS         0.052      0.021      2.462      0.014

 Means
    MOTHER_PRS        -0.034      0.016     -2.082      0.037
    FATHER_PRS        -0.016      0.019     -0.833      0.405

 Intercepts
    CCNVTSCORE         5.224      0.067     77.442      0.000
    DCMATHS7SA         4.581      0.092     49.907      0.000
    DCWRSD00           4.208      0.102     41.252      0.000
    TOTAL_SCOR         0.114      0.074      1.553      0.121
    CHILD_PRS_        -0.019      0.014     -1.409      0.159

 Variances
    MOTHER_PRS         1.000      0.000    999.000    999.000
    FATHER_PRS         1.000      0.000    999.000    999.000

 Residual Variances
    CCNVTSCORE         0.992      0.003    316.286      0.000
    DCMATHS7SA         0.527      0.015     34.672      0.000
    DCWRSD00           0.417      0.016     26.412      0.000
    TOTAL_SCOR         0.501      0.017     29.293      0.000
    CHILD_PRS_         0.486      0.013     36.384      0.000
    EDU7               0.674      0.015     44.887      0.000


R-SQUARE

    Observed                                        Two-Tailed
    Variable        Estimate       S.E.  Est./S.E.    P-Value

    CCNVTSCO           0.008      0.003      2.695      0.007
    DCMATHS7           0.473      0.015     31.106      0.000
    DCWRSD00           0.583      0.016     37.002      0.000
    TOTAL_SC           0.499      0.017     29.170      0.000
    CHILD_PR           0.514      0.013     38.405      0.000

     Latent                                         Two-Tailed
    Variable        Estimate       S.E.  Est./S.E.    P-Value

    EDU7               0.326      0.015     21.687      0.000


TOTAL, TOTAL INDIRECT, SPECIFIC INDIRECT, AND DIRECT EFFECTS


                                                    Two-Tailed
                    Estimate       S.E.  Est./S.E.    P-Value

Effects from CHILD_PR to TOTAL_SC

  Total                5.618      0.723      7.769      0.000
  Total indirect       3.562      0.515      6.915      0.000

  Specific indirect 1
    TOTAL_SC
    EDU7
    CHILD_PR           3.318      0.450      7.366      0.000

  Specific indirect 2
    TOTAL_SC
    EDU7
    CCNVTSCO
    CHILD_PR           0.244      0.233      1.048      0.295

  Direct
    TOTAL_SC
    CHILD_PR           2.056      0.657      3.132      0.002



STANDARDIZED TOTAL, TOTAL INDIRECT, SPECIFIC INDIRECT, AND DIRECT EFFECTS


STDYX Standardization

                                                    Two-Tailed
                    Estimate       S.E.  Est./S.E.    P-Value

Effects from CHILD_PR to TOTAL_SC

  Total                0.235      0.030      7.718      0.000
  Total indirect       0.149      0.022      6.905      0.000

  Specific indirect 1
    TOTAL_SC
    EDU7
    CHILD_PR           0.139      0.019      7.384      0.000

  Specific indirect 2
    TOTAL_SC
    EDU7
    CCNVTSCO
    CHILD_PR           0.010      0.010      1.048      0.295

  Direct
    TOTAL_SC
    CHILD_PR           0.086      0.028      3.122      0.002




CONFIDENCE INTERVALS OF MODEL RESULTS

                  Lower .5%  Lower 2.5%    Lower 5%    Estimate    Upper 5%  Upper 2.5%   Upper .5%

 EDU7     BY
    DCMATHS7SA       1.000       1.000       1.000       1.000       1.000       1.000       1.000
    DCWRSD00         1.210       1.231       1.241       1.293       1.350       1.361       1.381

 EDU7     ON
    CCNVTSCORE       0.475       0.486       0.492       0.522       0.551       0.556       0.566
    CHILD_PRS_       1.464       1.656       1.756       2.274       2.756       2.868       3.050
    MOTHER_PRS      -0.792      -0.631      -0.557      -0.156       0.241       0.324       0.500
    FATHER_PRS      -1.293      -1.099      -0.998      -0.500       0.014       0.119       0.307

 TOTAL_SC ON
    EDU7             1.348       1.375       1.389       1.459       1.534       1.549       1.576

 CCNVTSCO ON
    CHILD_PRS_      -0.504      -0.279      -0.178       0.321       0.817       0.925       1.126
    MOTHER_PRS      -0.024       0.101       0.172       0.558       0.947       1.025       1.166
    FATHER_PRS      -0.277      -0.055       0.053       0.556       1.039       1.131       1.315

 TOTAL_SC ON
    CHILD_PRS_       0.341       0.753       0.964       2.056       3.135       3.319       3.686
    MOTHER_PRS      -1.265      -0.993      -0.822      -0.034       0.769       0.901       1.176
    FATHER_PRS      -1.151      -0.814      -0.628       0.384       1.354       1.573       1.964

 CHILD_PR ON
    MOTHER_PRS       0.453       0.462       0.467       0.494       0.521       0.526       0.536
    FATHER_PRS       0.482       0.491       0.496       0.519       0.544       0.548       0.558

 MOTHER_P WITH
    FATHER_PRS      -0.004       0.009       0.014       0.044       0.073       0.079       0.091

 Means
    MOTHER_PRS      -0.071      -0.062      -0.057      -0.031      -0.007      -0.002       0.006
    FATHER_PRS      -0.060      -0.050      -0.044      -0.015       0.015       0.020       0.030

 Intercepts
    CCNVTSCORE      55.418      55.516      55.566      55.815      56.069      56.112      56.194
    DCMATHS7SA      67.485      67.991      68.321      70.003      71.760      72.094      72.633
    DCWRSD00        71.440      72.373      72.759      74.854      77.033      77.400      78.207
    TOTAL_SCOR      -1.564      -0.645      -0.095       2.578       5.308       5.765       6.733
    CHILD_PRS_      -0.051      -0.044      -0.040      -0.018       0.003       0.007       0.015

 Variances
    MOTHER_PRS       0.812       0.824       0.830       0.865       0.902       0.909       0.923
    FATHER_PRS       0.767       0.782       0.789       0.826       0.863       0.870       0.884

 Residual Variances
    CCNVTSCORE     106.520     107.947     108.778     113.189     117.515     118.417     119.973
    DCMATHS7SA     113.454     115.949     117.196     123.077     128.956     130.246     132.807
    DCWRSD00       119.772     122.731     124.073     131.794     139.331     140.923     143.535
    TOTAL_SCOR     231.912     236.822     239.571     254.458     268.941     271.656     277.087
    CHILD_PRS_       0.399       0.406       0.411       0.432       0.452       0.456       0.465
    EDU7            66.731      68.318      69.314      74.449      79.750      80.726      82.588


CONFIDENCE INTERVALS OF STANDARDIZED MODEL RESULTS


STDYX Standardization

                  Lower .5%  Lower 2.5%    Lower 5%    Estimate    Upper 5%  Upper 2.5%   Upper .5%

 EDU7     BY
    DCMATHS7SA       0.659       0.666       0.669       0.688       0.706       0.709       0.716
    DCWRSD00         0.736       0.743       0.747       0.764       0.781       0.784       0.790

 EDU7     ON
    CCNVTSCORE       0.495       0.502       0.507       0.530       0.552       0.556       0.564
    CHILD_PRS_       0.132       0.149       0.158       0.204       0.247       0.257       0.273
    MOTHER_PRS      -0.071      -0.056      -0.049      -0.014       0.021       0.028       0.044
    FATHER_PRS      -0.110      -0.095      -0.087      -0.043       0.001       0.011       0.026

 TOTAL_SC ON
    EDU7             0.646       0.655       0.659       0.680       0.703       0.707       0.714

 CCNVTSCO ON
    CHILD_PRS_      -0.044      -0.024      -0.016       0.028       0.073       0.082       0.099
    MOTHER_PRS      -0.002       0.009       0.015       0.049       0.082       0.090       0.101
    FATHER_PRS      -0.023      -0.005       0.005       0.047       0.089       0.096       0.112

 TOTAL_SC ON
    CHILD_PRS_       0.014       0.031       0.040       0.086       0.131       0.139       0.154
    MOTHER_PRS      -0.053      -0.041      -0.034      -0.001       0.032       0.037       0.048
    FATHER_PRS      -0.047      -0.033      -0.025       0.016       0.055       0.064       0.079

 CHILD_PR ON
    MOTHER_PRS       0.449       0.457       0.462       0.487       0.513       0.518       0.528
    FATHER_PRS       0.465       0.475       0.479       0.501       0.523       0.527       0.536

 MOTHER_P WITH
    FATHER_PRS      -0.005       0.010       0.017       0.052       0.087       0.093       0.107

 Means
    MOTHER_PRS      -0.076      -0.066      -0.060      -0.034      -0.007      -0.002       0.007
    FATHER_PRS      -0.066      -0.054      -0.048      -0.016       0.016       0.022       0.033

 Intercepts
    CCNVTSCORE       5.048       5.093       5.116       5.224       5.337       5.358       5.396
    DCMATHS7SA       4.354       4.406       4.431       4.581       4.737       4.765       4.819
    DCWRSD00         3.948       4.014       4.047       4.208       4.380       4.415       4.472
    TOTAL_SCOR      -0.069      -0.028      -0.004       0.114       0.237       0.259       0.303
    CHILD_PRS_      -0.054      -0.046      -0.042      -0.019       0.003       0.007       0.016

 Variances
    MOTHER_PRS       1.000       1.000       1.000       1.000       1.000       1.000       1.000
    FATHER_PRS       1.000       1.000       1.000       1.000       1.000       1.000       1.000

 Residual Variances
    CCNVTSCORE       0.982       0.984       0.985       0.992       0.995       0.996       0.997
    DCMATHS7SA       0.487       0.497       0.502       0.527       0.552       0.557       0.565
    DCWRSD00         0.376       0.386       0.391       0.417       0.442       0.447       0.459
    TOTAL_SCOR       0.456       0.466       0.472       0.501       0.528       0.533       0.544
    CHILD_PRS_       0.452       0.460       0.464       0.486       0.509       0.512       0.520
    EDU7             0.635       0.645       0.649       0.674       0.699       0.704       0.711


CONFIDENCE INTERVALS OF TOTAL, TOTAL INDIRECT, SPECIFIC INDIRECT, AND DIRECT EFFECTS


                  Lower .5%  Lower 2.5%    Lower 5%    Estimate    Upper 5%  Upper 2.5%   Upper .5%

Effects from CHILD_PR to TOTAL_SC

  Total              3.726       4.176       4.420       5.618       6.799       7.034       7.422
  Total indirect     2.178       2.558       2.716       3.562       4.398       4.551       4.866

  Specific indirect 1
    TOTAL_SC
    EDU7
    CHILD_PR         2.125       2.417       2.570       3.318       4.051       4.178       4.483

  Specific indirect 2
    TOTAL_SC
    EDU7
    CCNVTSCO
    CHILD_PR        -0.393      -0.216      -0.136       0.244       0.617       0.703       0.851

  Direct
    TOTAL_SC
    CHILD_PR         0.341       0.753       0.964       2.056       3.135       3.319       3.686



CONFIDENCE INTERVALS OF STANDARDIZED TOTAL, TOTAL INDIRECT, SPECIFIC INDIRECT, AND DIRECT EFFECTS


STDYX Standardization

                  Lower .5%  Lower 2.5%    Lower 5%    Estimate    Upper 5%  Upper 2.5%   Upper .5%

Effects from CHILD_PR to TOTAL_SC

  Total              0.155       0.174       0.184       0.235       0.285       0.294       0.310
  Total indirect     0.091       0.107       0.113       0.149       0.184       0.190       0.204

  Specific indirect 1
    TOTAL_SC
    EDU7
    CHILD_PR         0.089       0.101       0.107       0.139       0.169       0.175       0.187

  Specific indirect 2
    TOTAL_SC
    EDU7
    CCNVTSCO
    CHILD_PR        -0.016      -0.009      -0.006       0.010       0.026       0.029       0.036

  Direct
    TOTAL_SC
    CHILD_PR         0.014       0.031       0.040       0.086       0.131       0.139       0.154




     Beginning Time:  20:53:12
        Ending Time:  20:54:03
       Elapsed Time:  00:00:51



MUTHEN & MUTHEN
3463 Stoner Ave.
Los Angeles, CA  90066

Tel: (310) 391-9971
Fax: (310) 391-8971
Web: www.StatModel.com
Support: Support@StatModel.com

Copyright (c) 1998-2024 Muthen & Muthen
