Mplus VERSION 8.11 (Mac)
MUTHEN & MUTHEN
05/27/2025   2:06 PM

INPUT INSTRUCTIONS

  TITLE: SEM model equivalent to R lavaan model with sampling/non-response weights;

    DATA: FILE = "/Users/jessicavandegrint/Library/CloudStorage/
    OneDrive-UniversityofCambridge/Brandon/lang_5_years_data.txt";

    VARIABLE:
      NAMES = CCNVTSCORE DCMATHS7SA DCWRSD00 total_score weight PTTYPE2
      Child_PRS_regressed Mother_PRS_regressed Father_PRS_regressed;
      WEIGHT = weight;
      STRATIFICATION = PTTYPE2;
      MISSING ARE ALL (-9999);

    ANALYSIS:
      TYPE = COMPLEX;
      ESTIMATOR = ML;

    MODEL:
      ! Define latent variables
      edu7 BY DCMATHS7SA DCWRSD00;

      ! Define structural paths with labels
      CCNVTSCORE ON Child_PRS_regressed (a);
      CCNVTSCORE ON Mother_PRS_regressed (f);
      CCNVTSCORE ON Father_PRS_regressed (i);
      edu7 ON CCNVTSCORE (d);
      edu7 ON Child_PRS_regressed (b);
      edu7 ON Mother_PRS_regressed (g);
      edu7 ON Father_PRS_regressed (j);
      total_score ON edu7 (e);
      total_score ON Child_PRS_regressed (c);
      total_score ON Mother_PRS_regressed (h);
      total_score ON Father_PRS_regressed (k);

    ! Control PRS interrelations
    Child_PRS_regressed ON Mother_PRS_regressed Father_PRS_regressed;
    Mother_PRS_regressed WITH Father_PRS_regressed;

  OUTPUT:
    STANDARDIZED (STDYX);
    SAMPSTAT;
    MODINDICES(ALL);



*** WARNING in ANALYSIS command
  Use ESTIMATOR=MLR instead of ESTIMATOR=ML for TYPE=COMPLEX.
  Default estimator will be used.
*** WARNING in VARIABLE command
  Note that only the first 8 characters of variable names are used in the output.
  Shorten variable names to avoid any confusion.
   2 WARNING(S) FOUND IN THE INPUT INSTRUCTIONS



SEM model equivalent to R lavaan model with sampling/non-response weights;

SUMMARY OF ANALYSIS

Number of groups                                                 1
Number of observations                                        8014

Number of dependent variables                                    5
Number of independent variables                                  2
Number of continuous latent variables                            1

Observed dependent variables

  Continuous
   CCNVTSCORE  DCMATHS7SA  DCWRSD00    TOTAL_SCOR  CHILD_PRS_

Observed independent variables
   MOTHER_P    FATHER_P

Continuous latent variables
   EDU7

Variables with special functions

  Stratification        PTTYPE2
  Weight variable       WEIGHT

Estimator                                                      MLR
Information matrix                                        OBSERVED
Maximum number of iterations                                  1000
Convergence criterion                                    0.500D-04
Maximum number of steepest descent iterations                   20
Maximum number of iterations for H1                           2000
Convergence criterion for H1                             0.100D-03

Input data file(s)
  /Users/jessicavandegrint/Library/CloudStorage/OneDrive-UniversityofCambridge/B

Input data format  FREE


SUMMARY OF DATA

     Number of missing data patterns            81
     Number of strata                            9



COVARIANCE COVERAGE OF DATA

Minimum covariance coverage value   0.100


     PROPORTION OF DATA PRESENT


           Covariance Coverage
              CCNVTSCO      DCMATHS7      DCWRSD00      TOTAL_SC      CHILD_PR
              ________      ________      ________      ________      ________
 CCNVTSCO       0.959
 DCMATHS7       0.907         0.927
 DCWRSD00       0.894         0.912         0.915
 TOTAL_SC       0.650         0.636         0.626         0.669
 CHILD_PR       0.782         0.760         0.749         0.553         0.818
 MOTHER_P       0.800         0.775         0.764         0.557         0.677
 FATHER_P       0.480         0.469         0.462         0.355         0.402


           Covariance Coverage
              MOTHER_P      FATHER_P
              ________      ________
 MOTHER_P       0.833
 FATHER_P       0.397         0.493


SAMPLE STATISTICS


     ESTIMATED SAMPLE STATISTICS


           Means
              CCNVTSCO      DCMATHS7      DCWRSD00      TOTAL_SC      CHILD_PR
              ________      ________      ________      ________      ________
               55.775        99.016       112.370        44.813        -0.041


           Means
              MOTHER_P      FATHER_P
              ________      ________
               -0.032        -0.015


           Covariances
              CCNVTSCO      DCMATHS7      DCWRSD00      TOTAL_SC      CHILD_PR
              ________      ________      ________      ________      ________
 CCNVTSCO     114.143
 DCMATHS7      61.664       233.550
 DCWRSD00      77.656       143.114       316.315
 TOTAL_SC      91.885       163.772       215.651       508.207
 CHILD_PR       0.785         2.116         2.773         5.104         0.888
 MOTHER_P       0.652         1.164         1.594         2.673         0.450
 FATHER_P       0.627         0.934         1.208         2.603         0.450


           Covariances
              MOTHER_P      FATHER_P
              ________      ________
 MOTHER_P       0.865
 FATHER_P       0.044         0.826


           Correlations
              CCNVTSCO      DCMATHS7      DCWRSD00      TOTAL_SC      CHILD_PR
              ________      ________      ________      ________      ________
 CCNVTSCO       1.000
 DCMATHS7       0.378         1.000
 DCWRSD00       0.409         0.527         1.000
 TOTAL_SC       0.382         0.475         0.538         1.000
 CHILD_PR       0.078         0.147         0.165         0.240         1.000
 MOTHER_P       0.066         0.082         0.096         0.128         0.513
 FATHER_P       0.065         0.067         0.075         0.127         0.526


           Correlations
              MOTHER_P      FATHER_P
              ________      ________
 MOTHER_P       1.000
 FATHER_P       0.053         1.000


     MAXIMUM LOG-LIKELIHOOD VALUE FOR THE UNRESTRICTED (H1) MODEL IS -126799.082


UNIVARIATE SAMPLE STATISTICS


     UNIVARIATE HIGHER-ORDER MOMENT DESCRIPTIVE STATISTICS

         Variable/         Mean/     Skewness/   Minimum/ % with                Percentiles
        Sample Size      Variance    Kurtosis    Maximum  Min/Max      20%/60%    40%/80%    Median

     CCNVTSCORE           55.915      -0.397      20.000    1.04%      48.000     53.000     57.000
            7683.000     114.004       0.629      80.000    2.03%      60.000     65.000
     DCMATHS7SA           99.463       0.097      69.000    1.84%      86.000     96.000    100.000
            7431.000     231.339      -0.545     136.000    0.04%     103.000    112.000
     DCWRSD00            112.947      -0.233      55.000    0.03%      96.000    108.000    113.000
            7332.000     313.118      -0.297     145.000    4.11%     118.000    128.000
     TOTAL_SCORE          46.741       0.181       0.000    0.07%      26.500     40.500     46.500
            5358.000     490.755      -0.533     115.500    0.02%      52.500     66.750
     CHILD_PRS_REGRE      -0.044      -0.019      -4.571    0.02%      -0.813     -0.268     -0.034
            6554.000       0.886       0.310       3.296    0.02%       0.204      0.742
     MOTHER_PRS_REGR      -0.026      -0.004      -4.766    0.01%      -0.766     -0.222      0.015
            6676.000       0.859       0.029       3.282    0.01%       0.241      0.772
     FATHER_PRS_REGR       0.014      -0.034      -3.418    0.03%      -0.780     -0.187      0.020
            3947.000       0.832       0.095       3.349    0.03%       0.241      0.781


THE MODEL ESTIMATION TERMINATED NORMALLY



MODEL FIT INFORMATION

Number of Free Parameters                       30

Loglikelihood

          H0 Value                     -126800.226
          H0 Scaling Correction Factor      1.5250
            for MLR
          H1 Value                     -126799.082
          H1 Scaling Correction Factor      1.4928
            for MLR

Information Criteria

          Akaike (AIC)                  253660.453
          Bayesian (BIC)                253870.121
          Sample-Size Adjusted BIC      253774.787
            (n* = (n + 2) / 24)

Chi-Square Test of Model Fit

          Value                              1.761*
          Degrees of Freedom                     5
          P-Value                           0.8811
          Scaling Correction Factor         1.2995
            for MLR

*   The chi-square value for MLM, MLMV, MLR, ULSMV, WLSM and WLSMV cannot be used
    for chi-square difference testing in the regular way.  MLM, MLR and WLSM
    chi-square difference testing is described on the Mplus website.  MLMV, WLSMV,
    and ULSMV difference testing is done using the DIFFTEST option.

RMSEA (Root Mean Square Error Of Approximation)

          Estimate                           0.000
          90 Percent C.I.                    0.000  0.007
          Probability RMSEA <= .05           1.000

CFI/TLI

          CFI                                1.000
          TLI                                1.000

Chi-Square Test of Model Fit for the Baseline Model

          Value                           6039.091
          Degrees of Freedom                    20
          P-Value                           0.0000

SRMR (Standardized Root Mean Square Residual)

          Value                              0.002



MODEL RESULTS

                                                    Two-Tailed
                    Estimate       S.E.  Est./S.E.    P-Value

 EDU7     BY
    DCMATHS7SA         1.000      0.000    999.000    999.000
    DCWRSD00           1.293      0.033     39.084      0.000

 EDU7     ON
    CCNVTSCORE         0.522      0.018     29.256      0.000
    CHILD_PRS_         2.274      0.309      7.360      0.000
    MOTHER_PRS        -0.156      0.248     -0.629      0.530
    FATHER_PRS        -0.500      0.315     -1.585      0.113

 TOTAL_SC ON
    EDU7               1.459      0.045     32.627      0.000

 CCNVTSCO ON
    CHILD_PRS_         0.321      0.306      1.048      0.295
    MOTHER_PRS         0.558      0.238      2.348      0.019
    FATHER_PRS         0.556      0.300      1.850      0.064

 TOTAL_SC ON
    CHILD_PRS_         2.056      0.651      3.159      0.002
    MOTHER_PRS        -0.034      0.481     -0.071      0.943
    FATHER_PRS         0.384      0.608      0.632      0.527

 CHILD_PR ON
    MOTHER_PRS         0.494      0.017     29.902      0.000
    FATHER_PRS         0.519      0.015     35.454      0.000

 MOTHER_P WITH
    FATHER_PRS         0.044      0.018      2.448      0.014

 Means
    MOTHER_PRS        -0.031      0.015     -2.074      0.038
    FATHER_PRS        -0.015      0.017     -0.840      0.401

 Intercepts
    CCNVTSCORE        55.815      0.153    364.330      0.000
    DCMATHS7SA        70.003      1.041     67.252      0.000
    DCWRSD00          74.854      1.304     57.422      0.000
    TOTAL_SCOR         2.578      1.624      1.587      0.112
    CHILD_PRS_        -0.018      0.013     -1.409      0.159

 Variances
    MOTHER_PRS         0.865      0.022     38.991      0.000
    FATHER_PRS         0.826      0.022     36.856      0.000

 Residual Variances
    CCNVTSCORE       113.189      2.653     42.661      0.000
    DCMATHS7SA       123.077      3.608     34.112      0.000
    DCWRSD00         131.794      4.706     28.007      0.000
    TOTAL_SCOR       254.458      8.740     29.115      0.000
    CHILD_PRS_         0.432      0.013     34.345      0.000
    EDU7              74.449      3.173     23.460      0.000


QUALITY OF NUMERICAL RESULTS

     Condition Number for the Information Matrix              0.388E-05
       (ratio of smallest to largest eigenvalue)


STANDARDIZED MODEL RESULTS


STDYX Standardization

                                                    Two-Tailed
                    Estimate       S.E.  Est./S.E.    P-Value

 EDU7     BY
    DCMATHS7SA         0.688      0.011     62.289      0.000
    DCWRSD00           0.764      0.010     73.620      0.000

 EDU7     ON
    CCNVTSCORE         0.530      0.013     39.382      0.000
    CHILD_PRS_         0.204      0.027      7.426      0.000
    MOTHER_PRS        -0.014      0.022     -0.629      0.530
    FATHER_PRS        -0.043      0.027     -1.586      0.113

 TOTAL_SC ON
    EDU7               0.680      0.013     51.764      0.000

 CCNVTSCO ON
    CHILD_PRS_         0.028      0.027      1.046      0.296
    MOTHER_PRS         0.049      0.021      2.351      0.019
    FATHER_PRS         0.047      0.026      1.849      0.064

 TOTAL_SC ON
    CHILD_PRS_         0.086      0.027      3.147      0.002
    MOTHER_PRS        -0.001      0.020     -0.071      0.943
    FATHER_PRS         0.016      0.025      0.632      0.527

 CHILD_PR ON
    MOTHER_PRS         0.487      0.016     31.240      0.000
    FATHER_PRS         0.501      0.013     37.136      0.000

 MOTHER_P WITH
    FATHER_PRS         0.052      0.021      2.443      0.015

 Means
    MOTHER_PRS        -0.034      0.016     -2.085      0.037
    FATHER_PRS        -0.016      0.019     -0.842      0.400

 Intercepts
    CCNVTSCORE         5.224      0.068     77.281      0.000
    DCMATHS7SA         4.581      0.092     49.543      0.000
    DCWRSD00           4.208      0.103     40.959      0.000
    TOTAL_SCOR         0.114      0.073      1.575      0.115
    CHILD_PRS_        -0.019      0.014     -1.410      0.159

 Variances
    MOTHER_PRS         1.000      0.000    999.000    999.000
    FATHER_PRS         1.000      0.000    999.000    999.000

 Residual Variances
    CCNVTSCORE         0.992      0.003    335.444      0.000
    DCMATHS7SA         0.527      0.015     34.715      0.000
    DCWRSD00           0.417      0.016     26.275      0.000
    TOTAL_SCOR         0.501      0.017     29.564      0.000
    CHILD_PRS_         0.486      0.013     36.451      0.000
    EDU7               0.674      0.015     45.378      0.000


R-SQUARE

    Observed                                        Two-Tailed
    Variable        Estimate       S.E.  Est./S.E.    P-Value

    CCNVTSCO           0.008      0.003      2.858      0.004
    DCMATHS7           0.473      0.015     31.145      0.000
    DCWRSD00           0.583      0.016     36.810      0.000
    TOTAL_SC           0.499      0.017     29.440      0.000
    CHILD_PR           0.514      0.013     38.475      0.000

     Latent                                         Two-Tailed
    Variable        Estimate       S.E.  Est./S.E.    P-Value

    EDU7               0.326      0.015     21.924      0.000


MODEL MODIFICATION INDICES

Minimum M.I. value for printing the modification index    10.000

                                   M.I.     E.P.C.  Std E.P.C.  StdYX E.P.C.

No modification indices above the minimum value.



     Beginning Time:  14:06:23
        Ending Time:  14:06:24
       Elapsed Time:  00:00:01



MUTHEN & MUTHEN
3463 Stoner Ave.
Los Angeles, CA  90066

Tel: (310) 391-9971
Fax: (310) 391-8971
Web: www.StatModel.com
Support: Support@StatModel.com

Copyright (c) 1998-2024 Muthen & Muthen
