Mplus VERSION 8.11 (Mac)
MUTHEN & MUTHEN
12/11/2024   1:48 PM

INPUT INSTRUCTIONS

  TITLE: SEM model equivalent to R lavaan model with sampling/non-response weights;

  DATA: FILE = "/Users/jessicavandegrint/Library/CloudStorage/OneDrive-UniversityofCambridge
  /Brandon/full_lang_data.txt";

  VARIABLE:
    NAMES = BDBAST00 CCNVTSCORE DCMATHS7SA DCWRSD00 total_score weight PTTYPE2
    Child_PRS_regressed Mother_PRS_regressed Father_PRS_regressed;
    WEIGHT = weight;
    STRATIFICATION = PTTYPE2;
    MISSING ARE ALL (-9999);

  ANALYSIS:
    TYPE = COMPLEX;
    ESTIMATOR = ML;

  MODEL:
    ! Define latent variables
    edu7 BY DCMATHS7SA DCWRSD00;

    ! Define structural paths with labels
    BDBAST00 ON Child_PRS_regressed Mother_PRS_regressed Father_PRS_regressed;
    CCNVTSCORE ON BDBAST00 Child_PRS_regressed Mother_PRS_regressed Father_PRS_regressed;
    edu7 ON CCNVTSCORE Child_PRS_regressed Mother_PRS_regressed Father_PRS_regressed;
    total_score ON edu7 Child_PRS_regressed Mother_PRS_regressed Father_PRS_regressed;

    ! Regressions for PRS variables
    Child_PRS_regressed ON Mother_PRS_regressed Father_PRS_regressed;

    ! Covariance
    Mother_PRS_regressed WITH Father_PRS_regressed;


  OUTPUT:
    STANDARDIZED (STDYX);
    SAMPSTAT;
    CINTERVAL(BOOTSTRAP);

  ANALYSIS:
    BOOTSTRAP = 5;           ! Perform bootstrap with 5000 samples






*** WARNING in VARIABLE command
  Note that only the first 8 characters of variable names are used in the output.
  Shorten variable names to avoid any confusion.
   1 WARNING(S) FOUND IN THE INPUT INSTRUCTIONS



SEM model equivalent to R lavaan model with sampling/non-response weights;

SUMMARY OF ANALYSIS

Number of groups                                                 1
Number of observations                                        8014

Number of dependent variables                                    6
Number of independent variables                                  2
Number of continuous latent variables                            1

Observed dependent variables

  Continuous
   BDBAST00    CCNVTSCORE  DCMATHS7SA  DCWRSD00    TOTAL_SCOR  CHILD_PRS_

Observed independent variables
   MOTHER_P    FATHER_P

Continuous latent variables
   EDU7

Variables with special functions

  Stratification        PTTYPE2
  Weight variable       WEIGHT

Estimator                                                       ML
Information matrix                                        OBSERVED
Maximum number of iterations                                  1000
Convergence criterion                                    0.500D-04
Maximum number of steepest descent iterations                   20
Maximum number of iterations for H1                           2000
Convergence criterion for H1                             0.100D-03
Number of bootstrap draws
    Requested                                                    5
    Completed                                                    5

Input data file(s)
  /Users/jessicavandegrint/Library/CloudStorage/OneDrive-UniversityofCambridge/B

Input data format  FREE


SUMMARY OF DATA

     Number of missing data patterns           133
     Number of strata                            9



COVARIANCE COVERAGE OF DATA

Minimum covariance coverage value   0.100


     PROPORTION OF DATA PRESENT


           Covariance Coverage
              BDBAST00      CCNVTSCO      DCMATHS7      DCWRSD00      TOTAL_SC
              ________      ________      ________      ________      ________
 BDBAST00       0.899
 CCNVTSCO       0.870         0.959
 DCMATHS7       0.846         0.907         0.927
 DCWRSD00       0.834         0.894         0.912         0.915
 TOTAL_SC       0.613         0.650         0.636         0.626         0.669
 CHILD_PR       0.735         0.782         0.760         0.749         0.553
 MOTHER_P       0.751         0.800         0.775         0.764         0.557
 FATHER_P       0.454         0.480         0.469         0.462         0.355


           Covariance Coverage
              CHILD_PR      MOTHER_P      FATHER_P
              ________      ________      ________
 CHILD_PR       0.818
 MOTHER_P       0.677         0.833
 FATHER_P       0.402         0.397         0.493


SAMPLE STATISTICS


     ESTIMATED SAMPLE STATISTICS


           Means
              BDBAST00      CCNVTSCO      DCMATHS7      DCWRSD00      TOTAL_SC
              ________      ________      ________      ________      ________
               50.968        55.731        98.978       112.313        44.753


           Means
              CHILD_PR      MOTHER_P      FATHER_P
              ________      ________      ________
               -0.041        -0.031        -0.014


           Covariances
              BDBAST00      CCNVTSCO      DCMATHS7      DCWRSD00      TOTAL_SC
              ________      ________      ________      ________      ________
 BDBAST00     110.557
 CCNVTSCO      55.732       113.953
 DCMATHS7      45.252        61.638       233.522
 DCWRSD00      66.020        77.062       143.064       316.151
 TOTAL_SC      79.895        92.413       164.214       216.158       509.190
 CHILD_PR       0.543         0.813         2.134         2.802         5.145
 MOTHER_P       0.141         0.672         1.173         1.604         2.700
 FATHER_P       0.222         0.636         0.942         1.214         2.610


           Covariances
              CHILD_PR      MOTHER_P      FATHER_P
              ________      ________      ________
 CHILD_PR       0.888
 MOTHER_P       0.450         0.865
 FATHER_P       0.450         0.044         0.826


           Correlations
              BDBAST00      CCNVTSCO      DCMATHS7      DCWRSD00      TOTAL_SC
              ________      ________      ________      ________      ________
 BDBAST00       1.000
 CCNVTSCO       0.497         1.000
 DCMATHS7       0.282         0.378         1.000
 DCWRSD00       0.353         0.406         0.527         1.000
 TOTAL_SC       0.337         0.384         0.476         0.539         1.000
 CHILD_PR       0.055         0.081         0.148         0.167         0.242
 MOTHER_P       0.014         0.068         0.083         0.097         0.129
 FATHER_P       0.023         0.066         0.068         0.075         0.127


           Correlations
              CHILD_PR      MOTHER_P      FATHER_P
              ________      ________      ________
 CHILD_PR       1.000
 MOTHER_P       0.514         1.000
 FATHER_P       0.526         0.052         1.000


     MAXIMUM LOG-LIKELIHOOD VALUE FOR THE UNRESTRICTED (H1) MODEL IS -151498.460


UNIVARIATE SAMPLE STATISTICS


     UNIVARIATE HIGHER-ORDER MOMENT DESCRIPTIVE STATISTICS

         Variable/         Mean/     Skewness/   Minimum/ % with                Percentiles
        Sample Size      Variance    Kurtosis    Maximum  Min/Max      20%/60%    40%/80%    Median

     BDBAST00             51.256       0.186      20.000    0.35%      42.000     49.000     51.000
            7208.000     108.669       0.106      80.000    0.90%      56.000     59.000
     CCNVTSCORE           55.915      -0.397      20.000    1.04%      48.000     53.000     57.000
            7683.000     114.004       0.629      80.000    2.03%      60.000     65.000
     DCMATHS7SA           99.463       0.097      69.000    1.84%      86.000     96.000    100.000
            7431.000     231.339      -0.545     136.000    0.04%     103.000    112.000
     DCWRSD00            112.947      -0.233      55.000    0.03%      96.000    108.000    113.000
            7332.000     313.118      -0.297     145.000    4.11%     118.000    128.000
     TOTAL_SCORE          46.741       0.181       0.000    0.07%      26.500     40.500     46.500
            5358.000     490.755      -0.533     115.500    0.02%      52.500     66.750
     CHILD_PRS_REGRE      -0.044      -0.019      -4.571    0.02%      -0.813     -0.268     -0.034
            6554.000       0.886       0.310       3.296    0.02%       0.204      0.742
     MOTHER_PRS_REGR      -0.026      -0.004      -4.766    0.01%      -0.766     -0.222      0.015
            6676.000       0.859       0.029       3.282    0.01%       0.241      0.772
     FATHER_PRS_REGR       0.014      -0.034      -3.418    0.03%      -0.780     -0.187      0.020
            3947.000       0.832       0.095       3.349    0.03%       0.241      0.781


THE MODEL ESTIMATION TERMINATED NORMALLY



MODEL FIT INFORMATION

Number of Free Parameters                       36

Loglikelihood

          H0 Value                     -151645.503
          H1 Value                     -151498.460

Information Criteria

          Akaike (AIC)                  303363.007
          Bayesian (BIC)                303614.609
          Sample-Size Adjusted BIC      303500.208
            (n* = (n + 2) / 24)

Chi-Square Test of Model Fit

          Chi-square is not available.

SRMR (Standardized Root Mean Square Residual)

          Value                              0.033



MODEL RESULTS

                                                    Two-Tailed
                    Estimate       S.E.  Est./S.E.    P-Value

 EDU7     BY
    DCMATHS7SA         1.000      0.000    999.000    999.000
    DCWRSD00           1.291      0.022     59.358      0.000

 EDU7     ON
    CCNVTSCORE         0.524      0.007     72.095      0.000
    CHILD_PRS_         2.460      0.262      9.391      0.000
    MOTHER_PRS        -0.270      0.245     -1.099      0.272
    FATHER_PRS        -0.709      0.251     -2.828      0.005

 TOTAL_SC ON
    EDU7               1.460      0.043     34.199      0.000

 BDBAST00 ON
    CHILD_PRS_         1.038      0.241      4.300      0.000
    MOTHER_PRS        -0.374      0.237     -1.575      0.115
    FATHER_PRS        -0.343      0.443     -0.775      0.438

 CCNVTSCO ON
    BDBAST00           0.505      0.007     70.394      0.000
    CHILD_PRS_        -0.170      0.200     -0.852      0.394
    MOTHER_PRS         0.750      0.149      5.040      0.000
    FATHER_PRS         0.720      0.123      5.866      0.000

 TOTAL_SC ON
    CHILD_PRS_         2.070      0.791      2.618      0.009
    MOTHER_PRS        -0.060      0.301     -0.200      0.841
    FATHER_PRS         0.373      0.777      0.480      0.631

 CHILD_PR ON
    MOTHER_PRS         0.494      0.021     23.326      0.000
    FATHER_PRS         0.520      0.021     24.175      0.000

 MOTHER_P WITH
    FATHER_PRS         0.044      0.013      3.343      0.001

 Means
    MOTHER_PRS        -0.031      0.019     -1.679      0.093
    FATHER_PRS        -0.012      0.015     -0.780      0.436

 Intercepts
    BDBAST00          51.045      0.164    311.179      0.000
    CCNVTSCORE        29.996      0.471     63.655      0.000
    DCMATHS7SA        69.874      0.396    176.572      0.000
    DCWRSD00          74.759      0.778     96.035      0.000
    TOTAL_SCOR         2.365      1.326      1.783      0.075
    CHILD_PRS_        -0.020      0.019     -1.048      0.295

 Variances
    MOTHER_PRS         0.865      0.018     48.476      0.000
    FATHER_PRS         0.826      0.012     71.715      0.000

 Residual Variances
    BDBAST00         109.970      1.378     79.819      0.000
    CCNVTSCORE        85.144      1.960     43.451      0.000
    DCMATHS7SA       122.934      2.561     48.001      0.000
    DCWRSD00         132.239      3.791     34.879      0.000
    TOTAL_SCOR       253.693      5.988     42.370      0.000
    CHILD_PRS_         0.432      0.022     19.972      0.000
    EDU7              74.132      3.397     21.826      0.000


STANDARDIZED MODEL RESULTS


STDYX Standardization

                                                    Two-Tailed
                    Estimate       S.E.  Est./S.E.    P-Value

 EDU7     BY
    DCMATHS7SA         0.688      0.010     70.173      0.000
    DCWRSD00           0.763      0.005    142.989      0.000

 EDU7     ON
    CCNVTSCORE         0.532      0.006     93.049      0.000
    CHILD_PRS_         0.221      0.021     10.537      0.000
    MOTHER_PRS        -0.024      0.022     -1.100      0.271
    FATHER_PRS        -0.061      0.022     -2.794      0.005

 TOTAL_SC ON
    EDU7               0.682      0.007     91.873      0.000

 BDBAST00 ON
    CHILD_PRS_         0.093      0.023      4.101      0.000
    MOTHER_PRS        -0.033      0.021     -1.562      0.118
    FATHER_PRS        -0.030      0.038     -0.774      0.439

 CCNVTSCO ON
    BDBAST00           0.496      0.010     50.458      0.000
    CHILD_PRS_        -0.015      0.017     -0.865      0.387
    MOTHER_PRS         0.065      0.013      4.861      0.000
    FATHER_PRS         0.061      0.010      6.068      0.000

 TOTAL_SC ON
    CHILD_PRS_         0.087      0.032      2.689      0.007
    MOTHER_PRS        -0.002      0.012     -0.200      0.841
    FATHER_PRS         0.015      0.031      0.480      0.631

 CHILD_PR ON
    MOTHER_PRS         0.487      0.016     29.630      0.000
    FATHER_PRS         0.501      0.024     20.824      0.000

 MOTHER_P WITH
    FATHER_PRS         0.052      0.015      3.356      0.001

 Means
    MOTHER_PRS        -0.034      0.020     -1.674      0.094
    FATHER_PRS        -0.013      0.016     -0.775      0.438

 Intercepts
    BDBAST00           4.856      0.040    121.969      0.000
    CCNVTSCORE         2.807      0.044     64.322      0.000
    DCMATHS7SA         4.572      0.050     91.098      0.000
    DCWRSD00           4.202      0.076     55.019      0.000
    TOTAL_SCOR         0.105      0.060      1.763      0.078
    CHILD_PRS_        -0.021      0.020     -1.060      0.289

 Variances
    MOTHER_PRS         1.000      0.000    999.000    999.000
    FATHER_PRS         1.000      0.000    999.000    999.000

 Residual Variances
    BDBAST00           0.995      0.002    467.448      0.000
    CCNVTSCORE         0.746      0.011     68.142      0.000
    DCMATHS7SA         0.526      0.014     38.843      0.000
    DCWRSD00           0.418      0.008     51.377      0.000
    TOTAL_SCOR         0.499      0.006     79.135      0.000
    CHILD_PRS_         0.486      0.019     26.265      0.000
    EDU7               0.670      0.011     60.564      0.000


R-SQUARE

    Observed                                        Two-Tailed
    Variable        Estimate       S.E.  Est./S.E.    P-Value

    BDBAST00           0.005      0.002      2.198      0.028
    CCNVTSCO           0.254      0.011     23.220      0.000
    DCMATHS7           0.474      0.014     34.957      0.000
    DCWRSD00           0.582      0.008     71.608      0.000
    TOTAL_SC           0.501      0.006     79.334      0.000
    CHILD_PR           0.514      0.019     27.730      0.000

     Latent                                         Two-Tailed
    Variable        Estimate       S.E.  Est./S.E.    P-Value

    EDU7               0.330      0.011     29.823      0.000


CONFIDENCE INTERVALS OF MODEL RESULTS

                  Lower .5%  Lower 2.5%    Lower 5%    Estimate    Upper 5%  Upper 2.5%   Upper .5%

 EDU7     BY
    DCMATHS7SA       1.000       1.000       1.000       1.000       1.000       1.000       1.000
    DCWRSD00         1.258       1.258       1.258       1.291       1.316       1.316       1.316

 EDU7     ON
    CCNVTSCORE       0.517       0.517       0.517       0.524       0.533       0.533       0.533
    CHILD_PRS_       2.007       2.007       2.007       2.460       2.539       2.539       2.539
    MOTHER_PRS      -0.310      -0.310      -0.310      -0.270       0.191       0.191       0.191
    FATHER_PRS      -0.674      -0.674      -0.674      -0.709      -0.328      -0.328      -0.328

 TOTAL_SC ON
    EDU7             1.413       1.413       1.413       1.460       1.519       1.519       1.519

 BDBAST00 ON
    CHILD_PRS_       0.775       0.775       0.775       1.038       1.335       1.335       1.335
    MOTHER_PRS      -0.529      -0.529      -0.529      -0.374      -0.005      -0.005      -0.005
    FATHER_PRS      -0.734      -0.734      -0.734      -0.343       0.135       0.135       0.135

 CCNVTSCO ON
    BDBAST00         0.493       0.493       0.493       0.505       0.510       0.510       0.510
    CHILD_PRS_      -0.374      -0.374      -0.374      -0.170       0.138       0.138       0.138
    MOTHER_PRS       0.555       0.555       0.555       0.750       0.900       0.900       0.900
    FATHER_PRS       0.787       0.787       0.787       0.720       0.880       0.880       0.880

 TOTAL_SC ON
    CHILD_PRS_       1.334       1.334       1.334       2.070       3.212       3.212       3.212
    MOTHER_PRS      -0.340      -0.340      -0.340      -0.060       0.463       0.463       0.463
    FATHER_PRS      -0.755      -0.755      -0.755       0.373       1.153       1.153       1.153

 CHILD_PR ON
    MOTHER_PRS       0.470       0.470       0.470       0.494       0.514       0.514       0.514
    FATHER_PRS       0.514       0.514       0.514       0.520       0.553       0.553       0.553

 MOTHER_P WITH
    FATHER_PRS       0.029       0.029       0.029       0.044       0.053       0.053       0.053

 Means
    MOTHER_PRS      -0.046      -0.046      -0.046      -0.031       0.002       0.002       0.002
    FATHER_PRS      -0.022      -0.022      -0.022      -0.012       0.014       0.014       0.014

 Intercepts
    BDBAST00        50.880      50.880      50.880      51.045      51.292      51.292      51.292
    CCNVTSCORE      29.580      29.580      29.580      29.996      30.618      30.618      30.618
    DCMATHS7SA      69.615      69.615      69.615      69.874      70.514      70.514      70.514
    DCWRSD00        73.736      73.736      73.736      74.759      75.667      75.667      75.667
    TOTAL_SCOR       0.769       0.769       0.769       2.365       3.927       3.927       3.927
    CHILD_PRS_      -0.042      -0.042      -0.042      -0.020       0.006       0.006       0.006

 Variances
    MOTHER_PRS       0.844       0.844       0.844       0.865       0.893       0.893       0.893
    FATHER_PRS       0.805       0.805       0.805       0.826       0.830       0.830       0.830

 Residual Variances
    BDBAST00       108.170     108.170     108.170     109.970     111.727     111.727     111.727
    CCNVTSCORE      83.001      83.001      83.001      85.144      87.696      87.696      87.696
    DCMATHS7SA     119.885     119.885     119.885     122.934     125.831     125.831     125.831
    DCWRSD00       127.128     127.128     127.128     132.239     135.993     135.993     135.993
    TOTAL_SCOR     246.138     246.138     246.138     253.693     259.592     259.592     259.592
    CHILD_PRS_       0.396       0.396       0.396       0.432       0.450       0.450       0.450
    EDU7            71.318      71.318      71.318      74.132      79.427      79.427      79.427


CONFIDENCE INTERVALS OF STANDARDIZED MODEL RESULTS


STDYX Standardization

                  Lower .5%  Lower 2.5%    Lower 5%    Estimate    Upper 5%  Upper 2.5%   Upper .5%

 EDU7     BY
    DCMATHS7SA       0.678       0.678       0.678       0.688       0.703       0.703       0.703
    DCWRSD00         0.756       0.756       0.756       0.763       0.769       0.769       0.769

 EDU7     ON
    CCNVTSCORE       0.526       0.526       0.526       0.532       0.539       0.539       0.539
    CHILD_PRS_       0.187       0.187       0.187       0.221       0.225       0.225       0.225
    MOTHER_PRS      -0.027      -0.027      -0.027      -0.024       0.017       0.017       0.017
    FATHER_PRS      -0.058      -0.058      -0.058      -0.061      -0.028      -0.028      -0.028

 TOTAL_SC ON
    EDU7             0.678       0.678       0.678       0.682       0.693       0.693       0.693

 BDBAST00 ON
    CHILD_PRS_       0.070       0.070       0.070       0.093       0.122       0.122       0.122
    MOTHER_PRS      -0.048      -0.048      -0.048      -0.033       0.000       0.000       0.000
    FATHER_PRS      -0.064      -0.064      -0.064      -0.030       0.012       0.012       0.012

 CCNVTSCO ON
    BDBAST00         0.479       0.479       0.479       0.496       0.504       0.504       0.504
    CHILD_PRS_      -0.032      -0.032      -0.032      -0.015       0.012       0.012       0.012
    MOTHER_PRS       0.048       0.048       0.048       0.065       0.080       0.080       0.080
    FATHER_PRS       0.067       0.067       0.067       0.061       0.074       0.074       0.074

 TOTAL_SC ON
    CHILD_PRS_       0.056       0.056       0.056       0.087       0.132       0.132       0.132
    MOTHER_PRS      -0.014      -0.014      -0.014      -0.002       0.019       0.019       0.019
    FATHER_PRS      -0.031      -0.031      -0.031       0.015       0.047       0.047       0.047

 CHILD_PR ON
    MOTHER_PRS       0.469       0.469       0.469       0.487       0.504       0.504       0.504
    FATHER_PRS       0.489       0.489       0.489       0.501       0.543       0.543       0.543

 MOTHER_P WITH
    FATHER_PRS       0.033       0.033       0.033       0.052       0.063       0.063       0.063

 Means
    MOTHER_PRS      -0.049      -0.049      -0.049      -0.034       0.002       0.002       0.002
    FATHER_PRS      -0.024      -0.024      -0.024      -0.013       0.016       0.016       0.016

 Intercepts
    BDBAST00         4.808       4.808       4.808       4.856       4.900       4.900       4.900
    CCNVTSCORE       2.774       2.774       2.774       2.807       2.861       2.861       2.861
    DCMATHS7SA       4.521       4.521       4.521       4.572       4.643       4.643       4.643
    DCWRSD00         4.098       4.098       4.098       4.202       4.293       4.293       4.293
    TOTAL_SCOR       0.034       0.034       0.034       0.105       0.176       0.176       0.176
    CHILD_PRS_      -0.044      -0.044      -0.044      -0.021       0.006       0.006       0.006

 Variances
    MOTHER_PRS       1.000       1.000       1.000       1.000       1.000       1.000       1.000
    FATHER_PRS       1.000       1.000       1.000       1.000       1.000       1.000       1.000

 Residual Variances
    BDBAST00         0.993       0.993       0.993       0.995       0.997       0.997       0.997
    CCNVTSCORE       0.734       0.734       0.734       0.746       0.760       0.760       0.760
    DCMATHS7SA       0.506       0.506       0.506       0.526       0.540       0.540       0.540
    DCWRSD00         0.409       0.409       0.409       0.418       0.428       0.428       0.428
    TOTAL_SCOR       0.491       0.491       0.491       0.499       0.505       0.505       0.505
    CHILD_PRS_       0.460       0.460       0.460       0.486       0.503       0.503       0.503
    EDU7             0.652       0.652       0.652       0.670       0.678       0.678       0.678


     Beginning Time:  13:48:21
        Ending Time:  13:48:22
       Elapsed Time:  00:00:01



MUTHEN & MUTHEN
3463 Stoner Ave.
Los Angeles, CA  90066

Tel: (310) 391-9971
Fax: (310) 391-8971
Web: www.StatModel.com
Support: Support@StatModel.com

Copyright (c) 1998-2024 Muthen & Muthen
