Mplus VERSION 8.11 (Mac)
MUTHEN & MUTHEN
12/11/2024   1:46 PM

INPUT INSTRUCTIONS

  TITLE: SEM model equivalent to R lavaan model with sampling/non-response weights;

  DATA: FILE = "/Users/jessicavandegrint/Library/CloudStorage/OneDrive-
  UniversityofCambridge/Brandon/nonverb_5_years_data.txt";

  VARIABLE:
    NAMES = CCPSTSCORE CCPCTSCORE DCMATHS7SA DCWRSD00 total_score weight PTTYPE2
    Child_PRS_regressed Mother_PRS_regressed Father_PRS_regressed;
    WEIGHT = weight;
    STRATIFICATION = PTTYPE2;
    MISSING ARE ALL (-9999);

  ANALYSIS:
    TYPE = GENERAL;
    ESTIMATOR = ML;

  MODEL:
    ! Define latent variables
    nonverb5 BY CCPSTSCORE CCPCTSCORE;
    edu7 BY DCMATHS7SA DCWRSD00;

    ! Define structural paths with labels
    nonverb5 ON Child_PRS_regressed Mother_PRS_regressed Father_PRS_regressed;
    edu7 ON nonverb5 Child_PRS_regressed Mother_PRS_regressed Father_PRS_regressed;
    total_score ON edu7 Child_PRS_regressed Mother_PRS_regressed Father_PRS_regressed;

    ! Regressions for PRS variables
    Child_PRS_regressed ON Mother_PRS_regressed Father_PRS_regressed;

    ! Covariance
    Mother_PRS_regressed WITH Father_PRS_regressed;

  OUTPUT:
    STANDARDIZED (STDYX);
    SAMPSTAT;
    CINTERVAL(BOOTSTRAP);

  ANALYSIS:
    BOOTSTRAP = 5;


*** ERROR in VARIABLE command
  The STRATIFICATION option is only allowed with TYPE=COMPLEX.


MUTHEN & MUTHEN
3463 Stoner Ave.
Los Angeles, CA  90066

Tel: (310) 391-9971
Fax: (310) 391-8971
Web: www.StatModel.com
Support: Support@StatModel.com

Copyright (c) 1998-2024 Muthen & Muthen
