Mplus VERSION 8.11 (Mac)
MUTHEN & MUTHEN
12/11/2024   1:47 PM

INPUT INSTRUCTIONS

  TITLE: SEM model equivalent to R lavaan model with sampling/non-response weights;

  DATA: FILE = "/Users/jessicavandegrint/Library/CloudStorage/OneDrive-
  UniversityofCambridge/Brandon/lang_and_nonverb_5_years_data.txt";

  VARIABLE:
    NAMES = CCNVTSCORE CCPSTSCORE CCPCTSCORE DCMATHS7SA DCWRSD00 total_score weight
    PTTYPE2 Child_PRS_regressed Mother_PRS_regressed Father_PRS_regressed;
    WEIGHT = weight;
    STRATIFICATION = PTTYPE2;
    MISSING ARE ALL (-9999);

  ANALYSIS:
    TYPE = COMPLEX;
    ESTIMATOR = ML;

  MODEL:
    ! Define latent variables
    nonverb5 BY CCPSTSCORE CCPCTSCORE;
    edu7 BY DCMATHS7SA DCWRSD00;

    ! Define structural paths with labels
    CCNVTSCORE ON Child_PRS_regressed Mother_PRS_regressed Father_PRS_regressed;
    nonverb5 ON Child_PRS_regressed Mother_PRS_regressed Father_PRS_regressed;
    edu7 ON nonverb5 CCNVTSCORE Child_PRS_regressed Mother_PRS_regressed
    Father_PRS_regressed;
    total_score ON edu7 Child_PRS_regressed Mother_PRS_regressed Father_PRS_regressed;

    ! Regressions for PRS variables
    Child_PRS_regressed ON Mother_PRS_regressed Father_PRS_regressed;

    ! Covariance
    Mother_PRS_regressed WITH Father_PRS_regressed;

  OUTPUT:
    STANDARDIZED (STDYX);
    SAMPSTAT;
    CINTERVAL(BOOTSTRAP);

  ANALYSIS:
    BOOTSTRAP = 5;




*** WARNING in VARIABLE command
  Note that only the first 8 characters of variable names are used in the output.
  Shorten variable names to avoid any confusion.
   1 WARNING(S) FOUND IN THE INPUT INSTRUCTIONS



SEM model equivalent to R lavaan model with sampling/non-response weights;

SUMMARY OF ANALYSIS

Number of groups                                                 1
Number of observations                                        8014

Number of dependent variables                                    7
Number of independent variables                                  2
Number of continuous latent variables                            2

Observed dependent variables

  Continuous
   CCNVTSCORE  CCPSTSCORE  CCPCTSCORE  DCMATHS7SA  DCWRSD00    TOTAL_SCOR
   CHILD_PRS_

Observed independent variables
   MOTHER_P    FATHER_P

Continuous latent variables
   NONVERB5    EDU7

Variables with special functions

  Stratification        PTTYPE2
  Weight variable       WEIGHT

Estimator                                                       ML
Information matrix                                        OBSERVED
Maximum number of iterations                                  1000
Convergence criterion                                    0.500D-04
Maximum number of steepest descent iterations                   20
Maximum number of iterations for H1                           2000
Convergence criterion for H1                             0.100D-03
Number of bootstrap draws
    Requested                                                    5
    Completed                                                    5

Input data file(s)
  /Users/jessicavandegrint/Library/CloudStorage/OneDrive-UniversityofCambridge/B

Input data format  FREE


SUMMARY OF DATA

     Number of missing data patterns            98
     Number of strata                            9



COVARIANCE COVERAGE OF DATA

Minimum covariance coverage value   0.100


     PROPORTION OF DATA PRESENT


           Covariance Coverage
              CCNVTSCO      CCPSTSCO      CCPCTSCO      DCMATHS7      DCWRSD00
              ________      ________      ________      ________      ________
 CCNVTSCO       0.959
 CCPSTSCO       0.957         0.957
 CCPCTSCO       0.956         0.955         0.956
 DCMATHS7       0.907         0.905         0.904         0.927
 DCWRSD00       0.894         0.893         0.892         0.912         0.915
 TOTAL_SC       0.650         0.649         0.648         0.636         0.626
 CHILD_PR       0.782         0.781         0.780         0.760         0.749
 MOTHER_P       0.800         0.799         0.798         0.775         0.764
 FATHER_P       0.480         0.479         0.479         0.469         0.462


           Covariance Coverage
              TOTAL_SC      CHILD_PR      MOTHER_P      FATHER_P
              ________      ________      ________      ________
 TOTAL_SC       0.669
 CHILD_PR       0.553         0.818
 MOTHER_P       0.557         0.677         0.833
 FATHER_P       0.355         0.402         0.397         0.493


SAMPLE STATISTICS


     ESTIMATED SAMPLE STATISTICS


           Means
              CCNVTSCO      CCPSTSCO      CCPCTSCO      DCMATHS7      DCWRSD00
              ________      ________      ________      ________      ________
               55.776        55.366        50.878        98.870       112.273


           Means
              TOTAL_SC      CHILD_PR      MOTHER_P      FATHER_P
              ________      ________      ________      ________
               44.616        -0.041        -0.032        -0.014


           Covariances
              CCNVTSCO      CCPSTSCO      CCPCTSCO      DCMATHS7      DCWRSD00
              ________      ________      ________      ________      ________
 CCNVTSCO     114.110
 CCPSTSCO      42.633       107.904
 CCPCTSCO      42.144        43.103       108.283
 DCMATHS7      64.229        55.872        69.892       237.383
 DCWRSD00      79.307        47.761        67.629       146.565       319.036
 TOTAL_SC      94.638        68.095        86.757       168.204       220.382
 CHILD_PR       0.792         0.679         1.076         2.170         2.819
 MOTHER_P       0.652         0.407         0.754         1.189         1.618
 FATHER_P       0.624         0.791         0.505         1.027         1.254


           Covariances
              TOTAL_SC      CHILD_PR      MOTHER_P      FATHER_P
              ________      ________      ________      ________
 TOTAL_SC     514.863
 CHILD_PR       5.158         0.888
 MOTHER_P       2.697         0.450         0.865
 FATHER_P       2.641         0.451         0.045         0.826


           Correlations
              CCNVTSCO      CCPSTSCO      CCPCTSCO      DCMATHS7      DCWRSD00
              ________      ________      ________      ________      ________
 CCNVTSCO       1.000
 CCPSTSCO       0.384         1.000
 CCPCTSCO       0.379         0.399         1.000
 DCMATHS7       0.390         0.349         0.436         1.000
 DCWRSD00       0.416         0.257         0.364         0.533         1.000
 TOTAL_SC       0.390         0.289         0.367         0.481         0.544
 CHILD_PR       0.079         0.069         0.110         0.149         0.167
 MOTHER_P       0.066         0.042         0.078         0.083         0.097
 FATHER_P       0.064         0.084         0.053         0.073         0.077


           Correlations
              TOTAL_SC      CHILD_PR      MOTHER_P      FATHER_P
              ________      ________      ________      ________
 TOTAL_SC       1.000
 CHILD_PR       0.241         1.000
 MOTHER_P       0.128         0.513         1.000
 FATHER_P       0.128         0.527         0.053         1.000


     MAXIMUM LOG-LIKELIHOOD VALUE FOR THE UNRESTRICTED (H1) MODEL IS -178800.520


UNIVARIATE SAMPLE STATISTICS


     UNIVARIATE HIGHER-ORDER MOMENT DESCRIPTIVE STATISTICS

         Variable/         Mean/     Skewness/   Minimum/ % with                Percentiles
        Sample Size      Variance    Kurtosis    Maximum  Min/Max      20%/60%    40%/80%    Median

     CCNVTSCORE           55.915      -0.397      20.000    1.04%      48.000     53.000     57.000
            7683.000     114.004       0.629      80.000    2.03%      60.000     65.000
     CCPSTSCORE           55.459      -0.048      20.000    0.91%      48.000     53.000     56.000
            7670.000     107.931       0.781      80.000    3.81%      58.000     64.000
     CCPCTSCORE           50.997      -0.638      20.000    3.08%      45.000     49.000     51.000
            7663.000     108.224       1.597      80.000    0.37%      54.000     59.000
     DCMATHS7SA           99.463       0.097      69.000    1.84%      86.000     96.000    100.000
            7431.000     231.339      -0.545     136.000    0.04%     103.000    112.000
     DCWRSD00            112.947      -0.233      55.000    0.03%      96.000    108.000    113.000
            7332.000     313.118      -0.297     145.000    4.11%     118.000    128.000
     TOTAL_SCORE          46.741       0.181       0.000    0.07%      26.500     40.500     46.500
            5358.000     490.755      -0.533     115.500    0.02%      52.500     66.750
     CHILD_PRS_REGRE      -0.044      -0.019      -4.571    0.02%      -0.813     -0.268     -0.034
            6554.000       0.886       0.310       3.296    0.02%       0.204      0.742
     MOTHER_PRS_REGR      -0.026      -0.004      -4.766    0.01%      -0.766     -0.222      0.015
            6676.000       0.859       0.029       3.282    0.01%       0.241      0.772
     FATHER_PRS_REGR       0.014      -0.034      -3.418    0.03%      -0.780     -0.187      0.020
            3947.000       0.832       0.095       3.349    0.03%       0.241      0.781


THE MODEL ESTIMATION TERMINATED NORMALLY



MODEL FIT INFORMATION

Number of Free Parameters                       40

Loglikelihood

          H0 Value                     -179700.807
          H1 Value                     -178800.520

Information Criteria

          Akaike (AIC)                  359481.615
          Bayesian (BIC)                359761.172
          Sample-Size Adjusted BIC      359634.060
            (n* = (n + 2) / 24)

Chi-Square Test of Model Fit

          Chi-square is not available.

SRMR (Standardized Root Mean Square Residual)

          Value                              0.095



MODEL RESULTS

                                                    Two-Tailed
                    Estimate       S.E.  Est./S.E.    P-Value

 NONVERB5 BY
    CCPSTSCORE         1.000      0.000    999.000    999.000
    CCPCTSCORE         1.449      0.089     16.368      0.000

 EDU7     BY
    DCMATHS7SA         1.000      0.000    999.000    999.000
    DCWRSD00           1.176      0.018     63.925      0.000

 EDU7     ON
    NONVERB5           1.061      0.073     14.545      0.000

 NONVERB5 ON
    CHILD_PRS_         0.305      0.324      0.944      0.345
    MOTHER_PRS         0.417      0.237      1.760      0.078
    FATHER_PRS         0.611      0.530      1.154      0.248

 EDU7     ON
    CCNVTSCORE         0.384      0.011     35.712      0.000
    CHILD_PRS_         1.951      0.375      5.202      0.000
    MOTHER_PRS        -0.401      0.340     -1.182      0.237
    FATHER_PRS        -0.765      0.247     -3.093      0.002

 TOTAL_SC ON
    EDU7               1.380      0.026     53.865      0.000

 CCNVTSCO ON
    CHILD_PRS_         0.011      0.622      0.017      0.986
    MOTHER_PRS         0.744      0.287      2.590      0.010
    FATHER_PRS         1.073      0.832      1.290      0.197

 TOTAL_SC ON
    CHILD_PRS_         2.125      0.769      2.765      0.006
    MOTHER_PRS        -0.050      0.312     -0.161      0.872
    FATHER_PRS         0.264      0.846      0.312      0.755

 CHILD_PR ON
    MOTHER_PRS         0.493      0.022     22.122      0.000
    FATHER_PRS         0.518      0.019     27.084      0.000

 MOTHER_P WITH
    FATHER_PRS         0.046      0.015      3.057      0.002

 Means
    MOTHER_PRS        -0.032      0.019     -1.709      0.087
    FATHER_PRS        -0.023      0.014     -1.658      0.097

 Intercepts
    CCNVTSCORE        55.860      0.227    246.205      0.000
    CCPSTSCORE        55.428      0.083    669.115      0.000
    CCPCTSCORE        50.954      0.115    444.047      0.000
    DCMATHS7SA        77.569      0.682    113.711      0.000
    DCWRSD00          87.213      1.080     80.784      0.000
    TOTAL_SCOR        15.313      1.265     12.108      0.000
    CHILD_PRS_        -0.015      0.021     -0.685      0.494

 Variances
    MOTHER_PRS         0.866      0.018     49.159      0.000
    FATHER_PRS         0.830      0.010     83.012      0.000

 Residual Variances
    CCNVTSCORE       112.573      1.423     79.115      0.000
    CCPSTSCORE        78.168      2.365     33.053      0.000
    CCPCTSCORE        45.796      3.766     12.161      0.000
    DCMATHS7SA       111.701      2.665     41.912      0.000
    DCWRSD00         147.321      2.684     54.893      0.000
    TOTAL_SCOR       258.496      7.855     32.908      0.000
    CHILD_PRS_         0.432      0.021     20.370      0.000
    NONVERB5          28.943      2.019     14.335      0.000
    EDU7              54.500      4.180     13.038      0.000


STANDARDIZED MODEL RESULTS


STDYX Standardization

                                                    Two-Tailed
                    Estimate       S.E.  Est./S.E.    P-Value

 NONVERB5 BY
    CCPSTSCORE         0.525      0.018     28.516      0.000
    CCPCTSCORE         0.760      0.019     40.901      0.000

 EDU7     BY
    DCMATHS7SA         0.704      0.007    106.350      0.000
    DCWRSD00           0.712      0.006    111.831      0.000

 EDU7     ON
    NONVERB5           0.553      0.026     21.509      0.000

 NONVERB5 ON
    CHILD_PRS_         0.053      0.056      0.949      0.342
    MOTHER_PRS         0.071      0.038      1.869      0.062
    FATHER_PRS         0.102      0.086      1.184      0.237

 EDU7     ON
    CCNVTSCORE         0.391      0.012     33.803      0.000
    CHILD_PRS_         0.176      0.031      5.644      0.000
    MOTHER_PRS        -0.036      0.030     -1.181      0.237
    FATHER_PRS        -0.067      0.021     -3.151      0.002

 TOTAL_SC ON
    EDU7               0.656      0.009     74.954      0.000

 CCNVTSCO ON
    CHILD_PRS_         0.001      0.054      0.018      0.986
    MOTHER_PRS         0.065      0.024      2.677      0.007
    FATHER_PRS         0.092      0.071      1.293      0.196

 TOTAL_SC ON
    CHILD_PRS_         0.091      0.032      2.853      0.004
    MOTHER_PRS        -0.002      0.013     -0.161      0.872
    FATHER_PRS         0.011      0.035      0.311      0.756

 CHILD_PR ON
    MOTHER_PRS         0.487      0.018     27.570      0.000
    FATHER_PRS         0.500      0.024     21.058      0.000

 MOTHER_P WITH
    FATHER_PRS         0.054      0.018      3.064      0.002

 Means
    MOTHER_PRS        -0.034      0.020     -1.704      0.088
    FATHER_PRS        -0.025      0.015     -1.668      0.095

 Intercepts
    CCNVTSCORE         5.230      0.029    178.587      0.000
    CCPSTSCORE         5.335      0.051    104.757      0.000
    CCPCTSCORE         4.895      0.117     41.901      0.000
    DCMATHS7SA         5.213      0.062     84.565      0.000
    DCWRSD00           5.044      0.104     48.673      0.000
    TOTAL_SCOR         0.694      0.060     11.485      0.000
    CHILD_PRS_        -0.016      0.023     -0.687      0.492

 Variances
    MOTHER_PRS         1.000      0.000    999.000    999.000
    FATHER_PRS         1.000      0.000    999.000    999.000

 Residual Variances
    CCNVTSCORE         0.987      0.011     86.272      0.000
    CCPSTSCORE         0.724      0.019     37.630      0.000
    CCPCTSCORE         0.423      0.028     15.087      0.000
    DCMATHS7SA         0.504      0.009     54.260      0.000
    DCWRSD00           0.493      0.009     54.356      0.000
    TOTAL_SCOR         0.532      0.010     53.571      0.000
    CHILD_PRS_         0.486      0.019     26.248      0.000
    NONVERB5           0.971      0.020     47.631      0.000
    EDU7               0.497      0.028     17.997      0.000


R-SQUARE

    Observed                                        Two-Tailed
    Variable        Estimate       S.E.  Est./S.E.    P-Value

    CCNVTSCO           0.013      0.011      1.169      0.242
    CCPSTSCO           0.276      0.019     14.342      0.000
    CCPCTSCO           0.577      0.028     20.606      0.000
    DCMATHS7           0.496      0.009     53.300      0.000
    DCWRSD00           0.507      0.009     55.957      0.000
    TOTAL_SC           0.468      0.010     47.194      0.000
    CHILD_PR           0.514      0.019     27.707      0.000

     Latent                                         Two-Tailed
    Variable        Estimate       S.E.  Est./S.E.    P-Value

    NONVERB5           0.029      0.020      1.399      0.162
    EDU7               0.503      0.028     18.237      0.000


CONFIDENCE INTERVALS OF MODEL RESULTS

                  Lower .5%  Lower 2.5%    Lower 5%    Estimate    Upper 5%  Upper 2.5%   Upper .5%

 NONVERB5 BY
    CCPSTSCORE       1.000       1.000       1.000       1.000       1.000       1.000       1.000
    CCPCTSCORE       1.364       1.364       1.364       1.449       1.556       1.556       1.556

 EDU7     BY
    DCMATHS7SA       1.000       1.000       1.000       1.000       1.000       1.000       1.000
    DCWRSD00         1.166       1.166       1.166       1.176       1.210       1.210       1.210

 EDU7     ON
    NONVERB5         1.019       1.019       1.019       1.061       1.194       1.194       1.194

 NONVERB5 ON
    CHILD_PRS_      -0.195      -0.195      -0.195       0.305       0.368       0.368       0.368
    MOTHER_PRS       0.145       0.145       0.145       0.417       0.699       0.699       0.699
    FATHER_PRS       0.366       0.366       0.366       0.611       1.258       1.258       1.258

 EDU7     ON
    CCNVTSCORE       0.367       0.367       0.367       0.384       0.393       0.393       0.393
    CHILD_PRS_       1.367       1.367       1.367       1.951       2.397       2.397       2.397
    MOTHER_PRS      -0.615      -0.615      -0.615      -0.401       0.107       0.107       0.107
    FATHER_PRS      -1.039      -1.039      -1.039      -0.765      -0.373      -0.373      -0.373

 TOTAL_SC ON
    EDU7             1.361       1.361       1.361       1.380       1.418       1.418       1.418

 CCNVTSCO ON
    CHILD_PRS_      -0.812      -0.812      -0.812       0.011       0.431       0.431       0.431
    MOTHER_PRS       0.672       0.672       0.672       0.744       1.211       1.211       1.211
    FATHER_PRS       0.698       0.698       0.698       1.073       2.034       2.034       2.034

 TOTAL_SC ON
    CHILD_PRS_       1.491       1.491       1.491       2.125       3.350       3.350       3.350
    MOTHER_PRS      -0.292      -0.292      -0.292      -0.050       0.479       0.479       0.479
    FATHER_PRS      -0.979      -0.979      -0.979       0.264       1.052       1.052       1.052

 CHILD_PR ON
    MOTHER_PRS       0.468       0.468       0.468       0.493       0.514       0.514       0.514
    FATHER_PRS       0.509       0.509       0.509       0.518       0.547       0.547       0.547

 MOTHER_P WITH
    FATHER_PRS       0.028       0.028       0.028       0.046       0.059       0.059       0.059

 Means
    MOTHER_PRS      -0.046      -0.046      -0.046      -0.032       0.002       0.002       0.002
    FATHER_PRS      -0.039      -0.039      -0.039      -0.023      -0.002      -0.002      -0.002

 Intercepts
    CCNVTSCORE      55.642      55.642      55.642      55.860      56.191      56.191      56.191
    CCPSTSCORE      55.412      55.412      55.412      55.428      55.531      55.531      55.531
    CCPCTSCORE      50.859      50.859      50.859      50.954      51.087      51.087      51.087
    DCMATHS7SA      77.185      77.185      77.185      77.569      78.600      78.600      78.600
    DCWRSD00        85.933      85.933      85.933      87.213      88.434      88.434      88.434
    TOTAL_SCOR      13.537      13.537      13.537      15.313      16.685      16.685      16.685
    CHILD_PRS_      -0.036      -0.036      -0.036      -0.015       0.015       0.015       0.015

 Variances
    MOTHER_PRS       0.845       0.845       0.845       0.866       0.894       0.894       0.894
    FATHER_PRS       0.814       0.814       0.814       0.830       0.839       0.839       0.839

 Residual Variances
    CCNVTSCORE     110.245     110.245     110.245     112.573     113.002     113.002     113.002
    CCPSTSCORE      76.233      76.233      76.233      78.168      82.082      82.082      82.082
    CCPCTSCORE      42.942      42.942      42.942      45.796      50.559      50.559      50.559
    DCMATHS7SA     108.445     108.445     108.445     111.701     115.692     115.692     115.692
    DCWRSD00       142.871     142.871     142.871     147.321     149.686     149.686     149.686
    TOTAL_SCOR     247.985     247.985     247.985     258.496     266.390     266.390     266.390
    CHILD_PRS_       0.396       0.396       0.396       0.432       0.450       0.450       0.450
    NONVERB5        26.513      26.513      26.513      28.943      30.452      30.452      30.452
    EDU7            48.699      48.699      48.699      54.500      59.459      59.459      59.459


CONFIDENCE INTERVALS OF STANDARDIZED MODEL RESULTS


STDYX Standardization

                  Lower .5%  Lower 2.5%    Lower 5%    Estimate    Upper 5%  Upper 2.5%   Upper .5%

 NONVERB5 BY
    CCPSTSCORE       0.503       0.503       0.503       0.525       0.542       0.542       0.542
    CCPCTSCORE       0.737       0.737       0.737       0.760       0.775       0.775       0.775

 EDU7     BY
    DCMATHS7SA       0.695       0.695       0.695       0.704       0.711       0.711       0.711
    DCWRSD00         0.705       0.705       0.705       0.712       0.718       0.718       0.718

 EDU7     ON
    NONVERB5         0.533       0.533       0.533       0.553       0.600       0.600       0.600

 NONVERB5 ON
    CHILD_PRS_      -0.032      -0.032      -0.032       0.053       0.068       0.068       0.068
    MOTHER_PRS       0.026       0.026       0.026       0.071       0.116       0.116       0.116
    FATHER_PRS       0.064       0.064       0.064       0.102       0.202       0.202       0.202

 EDU7     ON
    CCNVTSCORE       0.377       0.377       0.377       0.391       0.403       0.403       0.403
    CHILD_PRS_       0.127       0.127       0.127       0.176       0.213       0.213       0.213
    MOTHER_PRS      -0.055      -0.055      -0.055      -0.036       0.010       0.010       0.010
    FATHER_PRS      -0.090      -0.090      -0.090      -0.067      -0.033      -0.033      -0.033

 TOTAL_SC ON
    EDU7             0.655       0.655       0.655       0.656       0.669       0.669       0.669

 CCNVTSCO ON
    CHILD_PRS_      -0.070      -0.070      -0.070       0.001       0.039       0.039       0.039
    MOTHER_PRS       0.058       0.058       0.058       0.065       0.104       0.104       0.104
    FATHER_PRS       0.060       0.060       0.060       0.092       0.174       0.174       0.174

 TOTAL_SC ON
    CHILD_PRS_       0.065       0.065       0.065       0.091       0.141       0.141       0.141
    MOTHER_PRS      -0.012      -0.012      -0.012      -0.002       0.020       0.020       0.020
    FATHER_PRS      -0.041      -0.041      -0.041       0.011       0.043       0.043       0.043

 CHILD_PR ON
    MOTHER_PRS       0.468       0.468       0.468       0.487       0.505       0.505       0.505
    FATHER_PRS       0.489       0.489       0.489       0.500       0.542       0.542       0.542

 MOTHER_P WITH
    FATHER_PRS       0.032       0.032       0.032       0.054       0.069       0.069       0.069

 Means
    MOTHER_PRS      -0.049      -0.049      -0.049      -0.034       0.002       0.002       0.002
    FATHER_PRS      -0.042      -0.042      -0.042      -0.025      -0.002      -0.002      -0.002

 Intercepts
    CCNVTSCORE       5.204       5.204       5.204       5.230       5.279       5.279       5.279
    CCPSTSCORE       5.262       5.262       5.262       5.335       5.378       5.378       5.378
    CCPCTSCORE       4.700       4.700       4.700       4.895       4.995       4.995       4.995
    DCMATHS7SA       5.168       5.168       5.168       5.213       5.306       5.306       5.306
    DCWRSD00         4.910       4.910       4.910       5.044       5.153       5.153       5.153
    TOTAL_SCOR       0.613       0.613       0.613       0.694       0.764       0.764       0.764
    CHILD_PRS_      -0.038      -0.038      -0.038      -0.016       0.016       0.016       0.016

 Variances
    MOTHER_PRS       1.000       1.000       1.000       1.000       1.000       1.000       1.000
    FATHER_PRS       1.000       1.000       1.000       1.000       1.000       1.000       1.000

 Residual Variances
    CCNVTSCORE       0.973       0.973       0.973       0.987       0.985       0.985       0.985
    CCPSTSCORE       0.706       0.706       0.706       0.724       0.747       0.747       0.747
    CCPCTSCORE       0.399       0.399       0.399       0.423       0.457       0.457       0.457
    DCMATHS7SA       0.495       0.495       0.495       0.504       0.517       0.517       0.517
    DCWRSD00         0.484       0.484       0.484       0.493       0.504       0.504       0.504
    TOTAL_SCOR       0.519       0.519       0.519       0.532       0.543       0.543       0.543
    CHILD_PRS_       0.460       0.460       0.460       0.486       0.504       0.504       0.504
    NONVERB5         0.945       0.945       0.945       0.971       0.984       0.984       0.984
    EDU7             0.455       0.455       0.455       0.497       0.525       0.525       0.525


     Beginning Time:  13:47:09
        Ending Time:  13:47:10
       Elapsed Time:  00:00:01



MUTHEN & MUTHEN
3463 Stoner Ave.
Los Angeles, CA  90066

Tel: (310) 391-9971
Fax: (310) 391-8971
Web: www.StatModel.com
Support: Support@StatModel.com

Copyright (c) 1998-2024 Muthen & Muthen
